Case: loadbalancer
- Domain&Goal File: /src/autobc/Lasso-BC/loadbalancer/loadbalancer.txt
- - running: loadbalancer: contrasty10.txt
- - BC File: /src/autobc/output1.3/loadbalancer/contrasty10.txt
Domains:
	G(F(idle))
	G((!((idle)&(X((!(grant0))&(!(grant1))))))|(X(idle)))
	G((X(((!(request0))&(!(idle)))U((!(request0))&(idle))))|(X(!(grant0))))
Goals:
	G((!(request0))|(grant1))
	G((!(X(grant0)))|(request0))
	G((request1)|(X(!(grant1))))
	G(X((!(grant0))|(!(grant1))))
	G(F((!(request1))|(X(grant1))))
	G((!(!(idle)))|(X((!(grant0))&(!(grant1)))))
	G(((!(request0))|(X(!(request1))))|(X(X((grant0)&(grant1)))))
BCs:

Finding Target BC...
No Bc Found. Abort
/src/autobc/one_experiment.sh: line 18:  1132 Aborted                 (core dumped) ${ref_bin} --global ${domainfile} --bcfile ${bcfile} -8 /usr/bin/java -6 /jdk-16/bin/java -k 100 -t 100 --likelyhood /src/autobc/Lasso-BC/likelyhood.jar --modelcounting /src/autobc/jar/modelcounting.jar --nuxmv /src/autobc/bin/nuXmv-2.0.0-Linux --output ${ref_result_file}
Domains:
	G(F(idle))
	G((!((idle)&(X((!(grant0))&(!(grant1))))))|(X(idle)))
	G((X(((!(request0))&(!(idle)))U((!(request0))&(idle))))|(X(!(grant0))))
Goals:
	G((!(request0))|(grant1))
	G((!(X(grant0)))|(request0))
	G((request1)|(X(!(grant1))))
	G(X((!(grant0))|(!(grant1))))
	G(F((!(request1))|(X(grant1))))
	G((!(!(idle)))|(X((!(grant0))&(!(grant1)))))
	G(((!(request0))|(X(!(request1))))|(X(X((grant0)&(grant1)))))
BCs:

Finding Target BC...
No Bc Found. Abort
/src/autobc/one_experiment.sh: line 18:  1267 Aborted                 (core dumped) ${random_bin} --global ${domainfile} --bcfile ${bcfile} -8 /usr/bin/java -6 /jdk-16/bin/java -k 100 -t 100 --likelyhood /src/autobc/Lasso-BC/likelyhood.jar --modelcounting /src/autobc/jar/modelcounting.jar --nuxmv /src/autobc/bin/nuXmv-2.0.0-Linux --output ${random_result_file}
Ranking_Ref_Results: 0
Ranking_Ref_Results: 0
- - running: loadbalancer: contrasty11.txt
- - BC File: /src/autobc/output1.3/loadbalancer/contrasty11.txt
Domains:
	G(F(idle))
	G((!((idle)&(X((!(grant0))&(!(grant1))))))|(X(idle)))
	G((X(((!(request0))&(!(idle)))U((!(request0))&(idle))))|(X(!(grant0))))
Goals:
	G((!(request0))|(grant1))
	G((!(X(grant0)))|(request0))
	G((request1)|(X(!(grant1))))
	G(X((!(grant0))|(!(grant1))))
	G(F((!(request1))|(X(grant1))))
	G((!(!(idle)))|(X((!(grant0))&(!(grant1)))))
	G(((!(request0))|(X(!(request1))))|(X(X((grant0)&(grant1)))))
BCs:

Finding Target BC...
No Bc Found. Abort
/src/autobc/one_experiment.sh: line 18:  1977 Aborted                 (core dumped) ${ref_bin} --global ${domainfile} --bcfile ${bcfile} -8 /usr/bin/java -6 /jdk-16/bin/java -k 100 -t 100 --likelyhood /src/autobc/Lasso-BC/likelyhood.jar --modelcounting /src/autobc/jar/modelcounting.jar --nuxmv /src/autobc/bin/nuXmv-2.0.0-Linux --output ${ref_result_file}
Domains:
	G(F(idle))
	G((!((idle)&(X((!(grant0))&(!(grant1))))))|(X(idle)))
	G((X(((!(request0))&(!(idle)))U((!(request0))&(idle))))|(X(!(grant0))))
Goals:
	G((!(request0))|(grant1))
	G((!(X(grant0)))|(request0))
	G((request1)|(X(!(grant1))))
	G(X((!(grant0))|(!(grant1))))
	G(F((!(request1))|(X(grant1))))
	G((!(!(idle)))|(X((!(grant0))&(!(grant1)))))
	G(((!(request0))|(X(!(request1))))|(X(X((grant0)&(grant1)))))
BCs:

Finding Target BC...
No Bc Found. Abort
/src/autobc/one_experiment.sh: line 18:  2243 Aborted                 (core dumped) ${random_bin} --global ${domainfile} --bcfile ${bcfile} -8 /usr/bin/java -6 /jdk-16/bin/java -k 100 -t 100 --likelyhood /src/autobc/Lasso-BC/likelyhood.jar --modelcounting /src/autobc/jar/modelcounting.jar --nuxmv /src/autobc/bin/nuXmv-2.0.0-Linux --output ${random_result_file}
Ranking_Ref_Results: 0
Ranking_Ref_Results: 0
- - running: loadbalancer: contrasty12.txt
- - BC File: /src/autobc/output1.3/loadbalancer/contrasty12.txt
Domains:
	G(F(idle))
	G((!((idle)&(X((!(grant0))&(!(grant1))))))|(X(idle)))
	G((X(((!(request0))&(!(idle)))U((!(request0))&(idle))))|(X(!(grant0))))
Goals:
	G((!(request0))|(grant1))
	G((!(X(grant0)))|(request0))
	G((request1)|(X(!(grant1))))
	G(X((!(grant0))|(!(grant1))))
	G(F((!(request1))|(X(grant1))))
	G((!(!(idle)))|(X((!(grant0))&(!(grant1)))))
	G(((!(request0))|(X(!(request1))))|(X(X((grant0)&(grant1)))))
BCs:

Finding Target BC...
No Bc Found. Abort
/src/autobc/one_experiment.sh: line 18:  2993 Aborted                 (core dumped) ${ref_bin} --global ${domainfile} --bcfile ${bcfile} -8 /usr/bin/java -6 /jdk-16/bin/java -k 100 -t 100 --likelyhood /src/autobc/Lasso-BC/likelyhood.jar --modelcounting /src/autobc/jar/modelcounting.jar --nuxmv /src/autobc/bin/nuXmv-2.0.0-Linux --output ${ref_result_file}
Domains:
	G(F(idle))
	G((!((idle)&(X((!(grant0))&(!(grant1))))))|(X(idle)))
	G((X(((!(request0))&(!(idle)))U((!(request0))&(idle))))|(X(!(grant0))))
Goals:
	G((!(request0))|(grant1))
	G((!(X(grant0)))|(request0))
	G((request1)|(X(!(grant1))))
	G(X((!(grant0))|(!(grant1))))
	G(F((!(request1))|(X(grant1))))
	G((!(!(idle)))|(X((!(grant0))&(!(grant1)))))
	G(((!(request0))|(X(!(request1))))|(X(X((grant0)&(grant1)))))
BCs:

Finding Target BC...
No Bc Found. Abort
/src/autobc/one_experiment.sh: line 18:  3161 Aborted                 (core dumped) ${random_bin} --global ${domainfile} --bcfile ${bcfile} -8 /usr/bin/java -6 /jdk-16/bin/java -k 100 -t 100 --likelyhood /src/autobc/Lasso-BC/likelyhood.jar --modelcounting /src/autobc/jar/modelcounting.jar --nuxmv /src/autobc/bin/nuXmv-2.0.0-Linux --output ${random_result_file}
Ranking_Ref_Results: 0
Ranking_Ref_Results: 0
- - running: loadbalancer: contrasty13.txt
- - BC File: /src/autobc/output1.3/loadbalancer/contrasty13.txt
Domains:
	G(F(idle))
	G((!((idle)&(X((!(grant0))&(!(grant1))))))|(X(idle)))
	G((X(((!(request0))&(!(idle)))U((!(request0))&(idle))))|(X(!(grant0))))
Goals:
	G((!(request0))|(grant1))
	G((!(X(grant0)))|(request0))
	G((request1)|(X(!(grant1))))
	G(X((!(grant0))|(!(grant1))))
	G(F((!(request1))|(X(grant1))))
	G((!(!(idle)))|(X((!(grant0))&(!(grant1)))))
	G(((!(request0))|(X(!(request1))))|(X(X((grant0)&(grant1)))))
BCs:

Finding Target BC...
No Bc Found. Abort
/src/autobc/one_experiment.sh: line 18:  3851 Aborted                 (core dumped) ${ref_bin} --global ${domainfile} --bcfile ${bcfile} -8 /usr/bin/java -6 /jdk-16/bin/java -k 100 -t 100 --likelyhood /src/autobc/Lasso-BC/likelyhood.jar --modelcounting /src/autobc/jar/modelcounting.jar --nuxmv /src/autobc/bin/nuXmv-2.0.0-Linux --output ${ref_result_file}
Domains:
	G(F(idle))
	G((!((idle)&(X((!(grant0))&(!(grant1))))))|(X(idle)))
	G((X(((!(request0))&(!(idle)))U((!(request0))&(idle))))|(X(!(grant0))))
Goals:
	G((!(request0))|(grant1))
	G((!(X(grant0)))|(request0))
	G((request1)|(X(!(grant1))))
	G(X((!(grant0))|(!(grant1))))
	G(F((!(request1))|(X(grant1))))
	G((!(!(idle)))|(X((!(grant0))&(!(grant1)))))
	G(((!(request0))|(X(!(request1))))|(X(X((grant0)&(grant1)))))
BCs:

Finding Target BC...
No Bc Found. Abort
/src/autobc/one_experiment.sh: line 18:  4037 Aborted                 (core dumped) ${random_bin} --global ${domainfile} --bcfile ${bcfile} -8 /usr/bin/java -6 /jdk-16/bin/java -k 100 -t 100 --likelyhood /src/autobc/Lasso-BC/likelyhood.jar --modelcounting /src/autobc/jar/modelcounting.jar --nuxmv /src/autobc/bin/nuXmv-2.0.0-Linux --output ${random_result_file}
Ranking_Ref_Results: 0
Ranking_Ref_Results: 0
- - running: loadbalancer: contrasty14.txt
- - BC File: /src/autobc/output1.3/loadbalancer/contrasty14.txt
Domains:
	G(F(idle))
	G((!((idle)&(X((!(grant0))&(!(grant1))))))|(X(idle)))
	G((X(((!(request0))&(!(idle)))U((!(request0))&(idle))))|(X(!(grant0))))
Goals:
	G((!(request0))|(grant1))
	G((!(X(grant0)))|(request0))
	G((request1)|(X(!(grant1))))
	G(X((!(grant0))|(!(grant1))))
	G(F((!(request1))|(X(grant1))))
	G((!(!(idle)))|(X((!(grant0))&(!(grant1)))))
	G(((!(request0))|(X(!(request1))))|(X(X((grant0)&(grant1)))))
BCs:

Finding Target BC...
No Bc Found. Abort
/src/autobc/one_experiment.sh: line 18:  4757 Aborted                 (core dumped) ${ref_bin} --global ${domainfile} --bcfile ${bcfile} -8 /usr/bin/java -6 /jdk-16/bin/java -k 100 -t 100 --likelyhood /src/autobc/Lasso-BC/likelyhood.jar --modelcounting /src/autobc/jar/modelcounting.jar --nuxmv /src/autobc/bin/nuXmv-2.0.0-Linux --output ${ref_result_file}
Domains:
	G(F(idle))
	G((!((idle)&(X((!(grant0))&(!(grant1))))))|(X(idle)))
	G((X(((!(request0))&(!(idle)))U((!(request0))&(idle))))|(X(!(grant0))))
Goals:
	G((!(request0))|(grant1))
	G((!(X(grant0)))|(request0))
	G((request1)|(X(!(grant1))))
	G(X((!(grant0))|(!(grant1))))
	G(F((!(request1))|(X(grant1))))
	G((!(!(idle)))|(X((!(grant0))&(!(grant1)))))
	G(((!(request0))|(X(!(request1))))|(X(X((grant0)&(grant1)))))
BCs:

Finding Target BC...
No Bc Found. Abort
/src/autobc/one_experiment.sh: line 18:  4886 Aborted                 (core dumped) ${random_bin} --global ${domainfile} --bcfile ${bcfile} -8 /usr/bin/java -6 /jdk-16/bin/java -k 100 -t 100 --likelyhood /src/autobc/Lasso-BC/likelyhood.jar --modelcounting /src/autobc/jar/modelcounting.jar --nuxmv /src/autobc/bin/nuXmv-2.0.0-Linux --output ${random_result_file}
Ranking_Ref_Results: 0
Ranking_Ref_Results: 0
- - running: loadbalancer: contrasty15.txt
- - BC File: /src/autobc/output1.3/loadbalancer/contrasty15.txt
Domains:
	G(F(idle))
	G((!((idle)&(X((!(grant0))&(!(grant1))))))|(X(idle)))
	G((X(((!(request0))&(!(idle)))U((!(request0))&(idle))))|(X(!(grant0))))
Goals:
	G((!(request0))|(grant1))
	G((!(X(grant0)))|(request0))
	G((request1)|(X(!(grant1))))
	G(X((!(grant0))|(!(grant1))))
	G(F((!(request1))|(X(grant1))))
	G((!(!(idle)))|(X((!(grant0))&(!(grant1)))))
	G(((!(request0))|(X(!(request1))))|(X(X((grant0)&(grant1)))))
BCs:

Finding Target BC...
No Bc Found. Abort
/src/autobc/one_experiment.sh: line 18:  5831 Aborted                 (core dumped) ${ref_bin} --global ${domainfile} --bcfile ${bcfile} -8 /usr/bin/java -6 /jdk-16/bin/java -k 100 -t 100 --likelyhood /src/autobc/Lasso-BC/likelyhood.jar --modelcounting /src/autobc/jar/modelcounting.jar --nuxmv /src/autobc/bin/nuXmv-2.0.0-Linux --output ${ref_result_file}
Domains:
	G(F(idle))
	G((!((idle)&(X((!(grant0))&(!(grant1))))))|(X(idle)))
	G((X(((!(request0))&(!(idle)))U((!(request0))&(idle))))|(X(!(grant0))))
Goals:
	G((!(request0))|(grant1))
	G((!(X(grant0)))|(request0))
	G((request1)|(X(!(grant1))))
	G(X((!(grant0))|(!(grant1))))
	G(F((!(request1))|(X(grant1))))
	G((!(!(idle)))|(X((!(grant0))&(!(grant1)))))
	G(((!(request0))|(X(!(request1))))|(X(X((grant0)&(grant1)))))
BCs:

Finding Target BC...
No Bc Found. Abort
/src/autobc/one_experiment.sh: line 18:  6150 Aborted                 (core dumped) ${random_bin} --global ${domainfile} --bcfile ${bcfile} -8 /usr/bin/java -6 /jdk-16/bin/java -k 100 -t 100 --likelyhood /src/autobc/Lasso-BC/likelyhood.jar --modelcounting /src/autobc/jar/modelcounting.jar --nuxmv /src/autobc/bin/nuXmv-2.0.0-Linux --output ${random_result_file}
Ranking_Ref_Results: 0
Ranking_Ref_Results: 0
- - running: loadbalancer: contrasty16.txt
- - BC File: /src/autobc/output1.3/loadbalancer/contrasty16.txt
Domains:
	G(F(idle))
	G((!((idle)&(X((!(grant0))&(!(grant1))))))|(X(idle)))
	G((X(((!(request0))&(!(idle)))U((!(request0))&(idle))))|(X(!(grant0))))
Goals:
	G((!(request0))|(grant1))
	G((!(X(grant0)))|(request0))
	G((request1)|(X(!(grant1))))
	G(X((!(grant0))|(!(grant1))))
	G(F((!(request1))|(X(grant1))))
	G((!(!(idle)))|(X((!(grant0))&(!(grant1)))))
	G(((!(request0))|(X(!(request1))))|(X(X((grant0)&(grant1)))))
BCs:

Finding Target BC...
No Bc Found. Abort
/src/autobc/one_experiment.sh: line 18:  7159 Aborted                 (core dumped) ${ref_bin} --global ${domainfile} --bcfile ${bcfile} -8 /usr/bin/java -6 /jdk-16/bin/java -k 100 -t 100 --likelyhood /src/autobc/Lasso-BC/likelyhood.jar --modelcounting /src/autobc/jar/modelcounting.jar --nuxmv /src/autobc/bin/nuXmv-2.0.0-Linux --output ${ref_result_file}
Domains:
	G(F(idle))
	G((!((idle)&(X((!(grant0))&(!(grant1))))))|(X(idle)))
	G((X(((!(request0))&(!(idle)))U((!(request0))&(idle))))|(X(!(grant0))))
Goals:
	G((!(request0))|(grant1))
	G((!(X(grant0)))|(request0))
	G((request1)|(X(!(grant1))))
	G(X((!(grant0))|(!(grant1))))
	G(F((!(request1))|(X(grant1))))
	G((!(!(idle)))|(X((!(grant0))&(!(grant1)))))
	G(((!(request0))|(X(!(request1))))|(X(X((grant0)&(grant1)))))
BCs:

Finding Target BC...
No Bc Found. Abort
/src/autobc/one_experiment.sh: line 18:  7490 Aborted                 (core dumped) ${random_bin} --global ${domainfile} --bcfile ${bcfile} -8 /usr/bin/java -6 /jdk-16/bin/java -k 100 -t 100 --likelyhood /src/autobc/Lasso-BC/likelyhood.jar --modelcounting /src/autobc/jar/modelcounting.jar --nuxmv /src/autobc/bin/nuXmv-2.0.0-Linux --output ${random_result_file}
Ranking_Ref_Results: 0
Ranking_Ref_Results: 0
- - running: loadbalancer: contrasty17.txt
- - BC File: /src/autobc/output1.3/loadbalancer/contrasty17.txt
Domains:
	G(F(idle))
	G((!((idle)&(X((!(grant0))&(!(grant1))))))|(X(idle)))
	G((X(((!(request0))&(!(idle)))U((!(request0))&(idle))))|(X(!(grant0))))
Goals:
	G((!(request0))|(grant1))
	G((!(X(grant0)))|(request0))
	G((request1)|(X(!(grant1))))
	G(X((!(grant0))|(!(grant1))))
	G(F((!(request1))|(X(grant1))))
	G((!(!(idle)))|(X((!(grant0))&(!(grant1)))))
	G(((!(request0))|(X(!(request1))))|(X(X((grant0)&(grant1)))))
BCs:

Finding Target BC...
No Bc Found. Abort
/src/autobc/one_experiment.sh: line 18:  8370 Aborted                 (core dumped) ${ref_bin} --global ${domainfile} --bcfile ${bcfile} -8 /usr/bin/java -6 /jdk-16/bin/java -k 100 -t 100 --likelyhood /src/autobc/Lasso-BC/likelyhood.jar --modelcounting /src/autobc/jar/modelcounting.jar --nuxmv /src/autobc/bin/nuXmv-2.0.0-Linux --output ${ref_result_file}
Domains:
	G(F(idle))
	G((!((idle)&(X((!(grant0))&(!(grant1))))))|(X(idle)))
	G((X(((!(request0))&(!(idle)))U((!(request0))&(idle))))|(X(!(grant0))))
Goals:
	G((!(request0))|(grant1))
	G((!(X(grant0)))|(request0))
	G((request1)|(X(!(grant1))))
	G(X((!(grant0))|(!(grant1))))
	G(F((!(request1))|(X(grant1))))
	G((!(!(idle)))|(X((!(grant0))&(!(grant1)))))
	G(((!(request0))|(X(!(request1))))|(X(X((grant0)&(grant1)))))
BCs:

Finding Target BC...
No Bc Found. Abort
/src/autobc/one_experiment.sh: line 18:  8758 Aborted                 (core dumped) ${random_bin} --global ${domainfile} --bcfile ${bcfile} -8 /usr/bin/java -6 /jdk-16/bin/java -k 100 -t 100 --likelyhood /src/autobc/Lasso-BC/likelyhood.jar --modelcounting /src/autobc/jar/modelcounting.jar --nuxmv /src/autobc/bin/nuXmv-2.0.0-Linux --output ${random_result_file}
Ranking_Ref_Results: 0
Ranking_Ref_Results: 0
- - running: loadbalancer: contrasty18.txt
- - BC File: /src/autobc/output1.3/loadbalancer/contrasty18.txt
Domains:
	G(F(idle))
	G((!((idle)&(X((!(grant0))&(!(grant1))))))|(X(idle)))
	G((X(((!(request0))&(!(idle)))U((!(request0))&(idle))))|(X(!(grant0))))
Goals:
	G((!(request0))|(grant1))
	G((!(X(grant0)))|(request0))
	G((request1)|(X(!(grant1))))
	G(X((!(grant0))|(!(grant1))))
	G(F((!(request1))|(X(grant1))))
	G((!(!(idle)))|(X((!(grant0))&(!(grant1)))))
	G(((!(request0))|(X(!(request1))))|(X(X((grant0)&(grant1)))))
BCs:

Finding Target BC...
No Bc Found. Abort
/src/autobc/one_experiment.sh: line 18:  9820 Aborted                 (core dumped) ${ref_bin} --global ${domainfile} --bcfile ${bcfile} -8 /usr/bin/java -6 /jdk-16/bin/java -k 100 -t 100 --likelyhood /src/autobc/Lasso-BC/likelyhood.jar --modelcounting /src/autobc/jar/modelcounting.jar --nuxmv /src/autobc/bin/nuXmv-2.0.0-Linux --output ${ref_result_file}
Domains:
	G(F(idle))
	G((!((idle)&(X((!(grant0))&(!(grant1))))))|(X(idle)))
	G((X(((!(request0))&(!(idle)))U((!(request0))&(idle))))|(X(!(grant0))))
Goals:
	G((!(request0))|(grant1))
	G((!(X(grant0)))|(request0))
	G((request1)|(X(!(grant1))))
	G(X((!(grant0))|(!(grant1))))
	G(F((!(request1))|(X(grant1))))
	G((!(!(idle)))|(X((!(grant0))&(!(grant1)))))
	G(((!(request0))|(X(!(request1))))|(X(X((grant0)&(grant1)))))
BCs:

Finding Target BC...
No Bc Found. Abort
/src/autobc/one_experiment.sh: line 18: 10147 Aborted                 (core dumped) ${random_bin} --global ${domainfile} --bcfile ${bcfile} -8 /usr/bin/java -6 /jdk-16/bin/java -k 100 -t 100 --likelyhood /src/autobc/Lasso-BC/likelyhood.jar --modelcounting /src/autobc/jar/modelcounting.jar --nuxmv /src/autobc/bin/nuXmv-2.0.0-Linux --output ${random_result_file}
Ranking_Ref_Results: 0
Ranking_Ref_Results: 0
- - running: loadbalancer: contrasty19.txt:
- - BC File: /src/autobc/output1.3/loadbalancer/contrasty19.txt:
Domains:
	G(F(idle))
	G((!((idle)&(X((!(grant0))&(!(grant1))))))|(X(idle)))
	G((X(((!(request0))&(!(idle)))U((!(request0))&(idle))))|(X(!(grant0))))
Goals:
	G((!(request0))|(grant1))
	G((!(X(grant0)))|(request0))
	G((request1)|(X(!(grant1))))
	G(X((!(grant0))|(!(grant1))))
	G(F((!(request1))|(X(grant1))))
	G((!(!(idle)))|(X((!(grant0))&(!(grant1)))))
	G(((!(request0))|(X(!(request1))))|(X(X((grant0)&(grant1)))))
BCs:

Finding Target BC...
No Bc Found. Abort
/src/autobc/one_experiment.sh: line 18: 11302 Aborted                 (core dumped) ${ref_bin} --global ${domainfile} --bcfile ${bcfile} -8 /usr/bin/java -6 /jdk-16/bin/java -k 100 -t 100 --likelyhood /src/autobc/Lasso-BC/likelyhood.jar --modelcounting /src/autobc/jar/modelcounting.jar --nuxmv /src/autobc/bin/nuXmv-2.0.0-Linux --output ${ref_result_file}
Domains:
	G(F(idle))
	G((!((idle)&(X((!(grant0))&(!(grant1))))))|(X(idle)))
	G((X(((!(request0))&(!(idle)))U((!(request0))&(idle))))|(X(!(grant0))))
Goals:
	G((!(request0))|(grant1))
	G((!(X(grant0)))|(request0))
	G((request1)|(X(!(grant1))))
	G(X((!(grant0))|(!(grant1))))
	G(F((!(request1))|(X(grant1))))
	G((!(!(idle)))|(X((!(grant0))&(!(grant1)))))
	G(((!(request0))|(X(!(request1))))|(X(X((grant0)&(grant1)))))
BCs:

Finding Target BC...
No Bc Found. Abort
/src/autobc/one_experiment.sh: line 18: 11550 Aborted                 (core dumped) ${random_bin} --global ${domainfile} --bcfile ${bcfile} -8 /usr/bin/java -6 /jdk-16/bin/java -k 100 -t 100 --likelyhood /src/autobc/Lasso-BC/likelyhood.jar --modelcounting /src/autobc/jar/modelcounting.jar --nuxmv /src/autobc/bin/nuXmv-2.0.0-Linux --output ${random_result_file}
Ranking_Ref_Results: 0
Ranking_Ref_Results: 0
