/src/autobc/Lasso-BC/prioritized_arbiter/prioritized_arbiter.txt /src/autobc/output1.3/prioritized_arbiter/contrasty16.txt /src/autobc/experiment1.3/prioritized_arbiter/contrasty16.txt
ref_result : /src/autobc/experiment1.3/prioritized_arbiter/contrasty16.txt/ref_result.txt
Domains:
	G(F(!(rm)))
Goals:
	G(!((gm)&(g0)))
	G(!((gm)&(g1)))
	G((!(g0))|(!(g1)))
	G((!(rm))|(X(((!(g0))&(!(g1)))U(gm))))
	(G((!(r1))|(F(g1))))&(G((!(r0))|(F(g0))))
	G(((!(r0))|(F(!(r1))))|(X(X((g0)&(g1)))))
BCs:
	(((((((((((F((!(g0))&((!(g1))&((!(gm))&((!(rm))&((!(r1))&(X((!(g1))&((!(gm))&((r1)&((!(g0))&((!(r0))&(X(G(!(g1))))))))))))))))|(F((g1)&((gm)&((!(g0))&((!(rm))&((r0)&(!(r1)))))))))|(F((!(g0))&((!(gm))&((r0)&((g1)&(X(G(!(g0))))))))))|(F((!(g0))&((!(gm))&((r0)&((!(g1))&((rm)&((r1)&(X(G(!(g0))))))))))))|(F((g0)&((g1)&((!(r0))&(r1))))))|(F((!(g1))&((!(gm))&((r0)&((rm)&((!(r1))&(X((r1)&((!(g0))&((g1)&((!(rm))&((!(r0))&(X((!(g1))&((gm)&((rm)&((!(r0))&(!(r1))))))))))))))))))))|(F((!(g1))&((!(gm))&((rm)&((!(g0))&((r0)&(X(G(rm))))))))))|(F((!(g0))&((!(g1))&((rm)&((!(gm))&((r0)&((r1)&(X(G((g0)|((g1)&(!(gm))))))))))))))|(F((!(r1))&(X(G(rm))))))|(F((!(g0))&((r0)&(X(G(!(g0))))))))|(F((r0)&(X((r1)&(X(!(r1))))))))|(F((!(g1))&((r1)&(X(G(!(g1)))))))

Finding Target BC...
Target BC is (((((((((((F((g1)&((gm)&((!(g0))&((!(rm))&((r0)&(!(r1))))))))|(F((!(g0))&((!(g1))&((!(gm))&((!(rm))&((!(r1))&(X((!(g1))&((!(gm))&((r1)&((!(g0))&((!(r0))&(X(G(!(g1)))))))))))))))))|(F((!(g0))&((!(gm))&((r0)&((g1)&(X(G(!(g0))))))))))|(F((!(g0))&((!(gm))&((r0)&((!(g1))&((rm)&((r1)&(X(G(!(g0))))))))))))|(F((g0)&((g1)&((!(r0))&(r1))))))|(F((!(g1))&((!(gm))&((r0)&((rm)&((!(r1))&(X((r1)&((!(g0))&((g1)&((!(rm))&((!(r0))&(X((!(g1))&((gm)&((rm)&((!(r0))&(!(r1))))))))))))))))))))|(F((!(g1))&((!(gm))&((rm)&((!(g0))&((r0)&(X(G(rm))))))))))|(F((!(g0))&((!(g1))&((rm)&((!(gm))&((r0)&((r1)&(X(G((g0)|((g1)&(!(gm))))))))))))))|(F((!(r1))&(X(G(rm))))))|(F((!(g0))&((r0)&(X(G(!(g0))))))))|(F((r0)&(X((r1)&(X(!(r1))))))))|(F((!(g1))&((r1)&(X(G(!(g1)))))))
-- Terms:
-- -- r0
-- -- r1
-- -- !(r1)
-- -- (!(g0))&(r0)
-- -- (!(g1))&(r1)
-- -- (g0)&((g1)&((!(r0))&(r1)))
-- -- (!(g0))&((!(gm))&((r0)&(g1)))
-- -- (!(g1))&((!(gm))&((r0)&((rm)&(!(r1)))))
-- -- (!(g1))&((!(gm))&((rm)&((!(g0))&(r0))))
-- -- (!(g1))&((gm)&((rm)&((!(r0))&(!(r1)))))
-- -- (r1)&((!(g0))&((g1)&((!(rm))&(!(r0)))))
-- -- (!(g1))&((!(gm))&((r1)&((!(g0))&(!(r0)))))
-- -- (!(g0))&((!(g1))&((rm)&((!(gm))&((r0)&(r1)))))
-- -- (!(g0))&((!(gm))&((r0)&((!(g1))&((rm)&(r1)))))
-- -- ((g1)&((gm)&((!(g0))&((!(rm))&((r0)&(!(r1)))))))|((!(g0))&((!(g1))&((!(gm))&((!(rm))&(!(r1))))))
Finding Target Goal...
Target Goal is G(!((gm)&(g0)))

Fix with limit = 100
+ Get Fix Result From SR:       G(!((gm)&(g0))) => G((!((gm)&(g0)))&(!(r0)))
+ Get Fix Result From SR:       G(!((gm)&(g0))) => G((!((gm)&(g0)))&(!(r1)))
+ Get Fix Result From SR:       G(!((gm)&(g0))) => G((!((gm)&(g0)))&(!(!(r1))))
- SR found, push into sr queue: G(!((gm)&(g0))) => G((!((gm)&(g0)))&(!((!(g0))&(r0))))
- SR found, push into sr queue: G(!((gm)&(g0))) => G((!((gm)&(g0)))&(!((!(g1))&(r1))))
- SR found, push into sr queue: G(!((gm)&(g0))) => G((!((gm)&(g0)))&(!((g0)&((g1)&((!(r0))&(r1))))))
- SR found, push into sr queue: G(!((gm)&(g0))) => G((!((gm)&(g0)))&(!((!(g0))&((!(gm))&((r0)&(g1))))))
- SR found, push into sr queue: G(!((gm)&(g0))) => G((!((gm)&(g0)))&(!((!(g1))&((!(gm))&((r0)&((rm)&(!(r1))))))))
- SR found, push into sr queue: G(!((gm)&(g0))) => G((!((gm)&(g0)))&(!((!(g1))&((!(gm))&((rm)&((!(g0))&(r0)))))))
- SR found, push into sr queue: G(!((gm)&(g0))) => G((!((gm)&(g0)))&(!((!(g1))&((gm)&((rm)&((!(r0))&(!(r1))))))))
- SR found, push into sr queue: G(!((gm)&(g0))) => G((!((gm)&(g0)))&(!((r1)&((!(g0))&((g1)&((!(rm))&(!(r0))))))))
- SR found, push into sr queue: G(!((gm)&(g0))) => G((!((gm)&(g0)))&(!((!(g1))&((!(gm))&((r1)&((!(g0))&(!(r0))))))))
- SR found, push into sr queue: G(!((gm)&(g0))) => G((!((gm)&(g0)))&(!((!(g0))&((!(g1))&((rm)&((!(gm))&((r0)&(r1))))))))
- SR found, push into sr queue: G(!((gm)&(g0))) => G((!((gm)&(g0)))&(!((!(g0))&((!(gm))&((r0)&((!(g1))&((rm)&(r1))))))))
- SR found, push into sr queue: G(!((gm)&(g0))) => G((!((gm)&(g0)))&(!(((g1)&((gm)&((!(g0))&((!(rm))&((r0)&(!(r1)))))))|((!(g0))&((!(g1))&((!(gm))&((!(rm))&(!(r1)))))))))
+ Get Fix Result From WR:       G(!((gm)&(g0))) => F(!((gm)&(g0)))
+ Get Fix Result From WR:       G(!((gm)&(g0))) => G((!((gm)&(g0)))|(r0))
+ Get Fix Result From WR:       G(!((gm)&(g0))) => G((!((gm)&(g0)))|(r1))
+ Get Fix Result From WR:       G(!((gm)&(g0))) => G((!((gm)&(g0)))|(!(r1)))
+ Get Fix Result From WR:       G(!((gm)&(g0))) => G((!((gm)&(g0)))|((!(g0))&(r0)))
+ Get Fix Result From WR:       G(!((gm)&(g0))) => G((!((gm)&(g0)))|((!(g1))&(r1)))
+ Get Fix Result From WR:       G(!((gm)&(g0))) => G((!((gm)&(g0)))|((g0)&((g1)&((!(r0))&(r1)))))
+ Get Fix Result From WR:       G(!((gm)&(g0))) => G((!((gm)&(g0)))|((!(g0))&((!(gm))&((r0)&(g1)))))
+ Get Fix Result From WR:       G(!((gm)&(g0))) => G((!((gm)&(g0)))|((!(g1))&((!(gm))&((r0)&((rm)&(!(r1)))))))
+ Get Fix Result From WR:       G(!((gm)&(g0))) => G((!((gm)&(g0)))|((!(g1))&((!(gm))&((rm)&((!(g0))&(r0))))))
+ Get Fix Result From WR:       G(!((gm)&(g0))) => G((!((gm)&(g0)))|((!(g1))&((gm)&((rm)&((!(r0))&(!(r1)))))))
+ Get Fix Result From WR:       G(!((gm)&(g0))) => G((!((gm)&(g0)))|((r1)&((!(g0))&((g1)&((!(rm))&(!(r0)))))))
+ Get Fix Result From WR:       G(!((gm)&(g0))) => G((!((gm)&(g0)))|((!(g1))&((!(gm))&((r1)&((!(g0))&(!(r0)))))))
+ Get Fix Result From WR:       G(!((gm)&(g0))) => G((!((gm)&(g0)))|((!(g0))&((!(g1))&((rm)&((!(gm))&((r0)&(r1)))))))
+ Get Fix Result From WR:       G(!((gm)&(g0))) => G((!((gm)&(g0)))|((!(g0))&((!(gm))&((r0)&((!(g1))&((rm)&(r1)))))))
+ Get Fix Result From WR:       G(!((gm)&(g0))) => G((!((gm)&(g0)))|(((g1)&((gm)&((!(g0))&((!(rm))&((r0)&(!(r1)))))))|((!(g0))&((!(g1))&((!(gm))&((!(rm))&(!(r1))))))))
- SR found, push into sr queue: G((!((gm)&(g0)))&(!((!(g0))&(r0)))) => G(((!((gm)&(g0)))&(!((!(g0))&(r0))))&(!((!(g1))&(r1))))
- SR found, push into sr queue: G((!((gm)&(g0)))&(!((!(g0))&(r0)))) => G(((!((gm)&(g0)))&(!((!(g0))&(r0))))&(!((g0)&((g1)&((!(r0))&(r1))))))
- SR found, push into sr queue: G((!((gm)&(g0)))&(!((!(g0))&(r0)))) => G(((!((gm)&(g0)))&(!((!(g0))&(r0))))&(!((!(g1))&((!(gm))&((r0)&((rm)&(!(r1))))))))
- SR found, push into sr queue: G((!((gm)&(g0)))&(!((!(g0))&(r0)))) => G(((!((gm)&(g0)))&(!((!(g0))&(r0))))&(!((!(g1))&((gm)&((rm)&((!(r0))&(!(r1))))))))
- SR found, push into sr queue: G((!((gm)&(g0)))&(!((!(g0))&(r0)))) => G(((!((gm)&(g0)))&(!((!(g0))&(r0))))&(!((r1)&((!(g0))&((g1)&((!(rm))&(!(r0))))))))
- SR found, push into sr queue: G((!((gm)&(g0)))&(!((!(g0))&(r0)))) => G(((!((gm)&(g0)))&(!((!(g0))&(r0))))&(!((!(g1))&((!(gm))&((r1)&((!(g0))&(!(r0))))))))
- SR found, push into sr queue: G((!((gm)&(g0)))&(!((!(g0))&(r0)))) => G(((!((gm)&(g0)))&(!((!(g0))&(r0))))&(!(((g1)&((gm)&((!(g0))&((!(rm))&((r0)&(!(r1)))))))|((!(g0))&((!(g1))&((!(gm))&((!(rm))&(!(r1)))))))))
- SR found, push into sr queue: G((!((gm)&(g0)))&(!((!(g1))&(r1)))) => G(((!((gm)&(g0)))&(!((!(g1))&(r1))))&(!((g0)&((g1)&((!(r0))&(r1))))))
- SR found, push into sr queue: G((!((gm)&(g0)))&(!((!(g1))&(r1)))) => G(((!((gm)&(g0)))&(!((!(g1))&(r1))))&(!((!(g0))&((!(gm))&((r0)&(g1))))))
- SR found, push into sr queue: G((!((gm)&(g0)))&(!((!(g1))&(r1)))) => G(((!((gm)&(g0)))&(!((!(g1))&(r1))))&(!((!(g1))&((!(gm))&((r0)&((rm)&(!(r1))))))))
- SR found, push into sr queue: G((!((gm)&(g0)))&(!((!(g1))&(r1)))) => G(((!((gm)&(g0)))&(!((!(g1))&(r1))))&(!((!(g1))&((!(gm))&((rm)&((!(g0))&(r0)))))))
- SR found, push into sr queue: G((!((gm)&(g0)))&(!((!(g1))&(r1)))) => G(((!((gm)&(g0)))&(!((!(g1))&(r1))))&(!((!(g1))&((gm)&((rm)&((!(r0))&(!(r1))))))))
- SR found, push into sr queue: G((!((gm)&(g0)))&(!((!(g1))&(r1)))) => G(((!((gm)&(g0)))&(!((!(g1))&(r1))))&(!((r1)&((!(g0))&((g1)&((!(rm))&(!(r0))))))))
- SR found, push into sr queue: G((!((gm)&(g0)))&(!((!(g1))&(r1)))) => G(((!((gm)&(g0)))&(!((!(g1))&(r1))))&(!(((g1)&((gm)&((!(g0))&((!(rm))&((r0)&(!(r1)))))))|((!(g0))&((!(g1))&((!(gm))&((!(rm))&(!(r1)))))))))
- SR found, push into sr queue: G((!((gm)&(g0)))&(!((g0)&((g1)&((!(r0))&(r1)))))) => G(((!((gm)&(g0)))&(!((g0)&((g1)&((!(r0))&(r1))))))&(!((!(g0))&((!(gm))&((r0)&(g1))))))
- SR found, push into sr queue: G((!((gm)&(g0)))&(!((g0)&((g1)&((!(r0))&(r1)))))) => G(((!((gm)&(g0)))&(!((g0)&((g1)&((!(r0))&(r1))))))&(!((!(g1))&((!(gm))&((r0)&((rm)&(!(r1))))))))
- SR found, push into sr queue: G((!((gm)&(g0)))&(!((g0)&((g1)&((!(r0))&(r1)))))) => G(((!((gm)&(g0)))&(!((g0)&((g1)&((!(r0))&(r1))))))&(!((!(g1))&((!(gm))&((rm)&((!(g0))&(r0)))))))
- SR found, push into sr queue: G((!((gm)&(g0)))&(!((g0)&((g1)&((!(r0))&(r1)))))) => G(((!((gm)&(g0)))&(!((g0)&((g1)&((!(r0))&(r1))))))&(!((!(g1))&((gm)&((rm)&((!(r0))&(!(r1))))))))
- SR found, push into sr queue: G((!((gm)&(g0)))&(!((g0)&((g1)&((!(r0))&(r1)))))) => G(((!((gm)&(g0)))&(!((g0)&((g1)&((!(r0))&(r1))))))&(!((r1)&((!(g0))&((g1)&((!(rm))&(!(r0))))))))
- SR found, push into sr queue: G((!((gm)&(g0)))&(!((g0)&((g1)&((!(r0))&(r1)))))) => G(((!((gm)&(g0)))&(!((g0)&((g1)&((!(r0))&(r1))))))&(!((!(g1))&((!(gm))&((r1)&((!(g0))&(!(r0))))))))
- SR found, push into sr queue: G((!((gm)&(g0)))&(!((g0)&((g1)&((!(r0))&(r1)))))) => G(((!((gm)&(g0)))&(!((g0)&((g1)&((!(r0))&(r1))))))&(!((!(g0))&((!(g1))&((rm)&((!(gm))&((r0)&(r1))))))))
- SR found, push into sr queue: G((!((gm)&(g0)))&(!((g0)&((g1)&((!(r0))&(r1)))))) => G(((!((gm)&(g0)))&(!((g0)&((g1)&((!(r0))&(r1))))))&(!((!(g0))&((!(gm))&((r0)&((!(g1))&((rm)&(r1))))))))
- SR found, push into sr queue: G((!((gm)&(g0)))&(!((g0)&((g1)&((!(r0))&(r1)))))) => G(((!((gm)&(g0)))&(!((g0)&((g1)&((!(r0))&(r1))))))&(!(((g1)&((gm)&((!(g0))&((!(rm))&((r0)&(!(r1)))))))|((!(g0))&((!(g1))&((!(gm))&((!(rm))&(!(r1)))))))))
- SR found, push into sr queue: G((!((gm)&(g0)))&(!((!(g0))&((!(gm))&((r0)&(g1)))))) => G(((!((gm)&(g0)))&(!((!(g0))&((!(gm))&((r0)&(g1))))))&(!((!(g1))&((!(gm))&((r0)&((rm)&(!(r1))))))))
- SR found, push into sr queue: G((!((gm)&(g0)))&(!((!(g0))&((!(gm))&((r0)&(g1)))))) => G(((!((gm)&(g0)))&(!((!(g0))&((!(gm))&((r0)&(g1))))))&(!((!(g1))&((!(gm))&((rm)&((!(g0))&(r0)))))))
- SR found, push into sr queue: G((!((gm)&(g0)))&(!((!(g0))&((!(gm))&((r0)&(g1)))))) => G(((!((gm)&(g0)))&(!((!(g0))&((!(gm))&((r0)&(g1))))))&(!((!(g1))&((gm)&((rm)&((!(r0))&(!(r1))))))))
- SR found, push into sr queue: G((!((gm)&(g0)))&(!((!(g0))&((!(gm))&((r0)&(g1)))))) => G(((!((gm)&(g0)))&(!((!(g0))&((!(gm))&((r0)&(g1))))))&(!((r1)&((!(g0))&((g1)&((!(rm))&(!(r0))))))))
- SR found, push into sr queue: G((!((gm)&(g0)))&(!((!(g0))&((!(gm))&((r0)&(g1)))))) => G(((!((gm)&(g0)))&(!((!(g0))&((!(gm))&((r0)&(g1))))))&(!((!(g1))&((!(gm))&((r1)&((!(g0))&(!(r0))))))))
- SR found, push into sr queue: G((!((gm)&(g0)))&(!((!(g0))&((!(gm))&((r0)&(g1)))))) => G(((!((gm)&(g0)))&(!((!(g0))&((!(gm))&((r0)&(g1))))))&(!((!(g0))&((!(g1))&((rm)&((!(gm))&((r0)&(r1))))))))
- SR found, push into sr queue: G((!((gm)&(g0)))&(!((!(g0))&((!(gm))&((r0)&(g1)))))) => G(((!((gm)&(g0)))&(!((!(g0))&((!(gm))&((r0)&(g1))))))&(!((!(g0))&((!(gm))&((r0)&((!(g1))&((rm)&(r1))))))))
- SR found, push into sr queue: G((!((gm)&(g0)))&(!((!(g0))&((!(gm))&((r0)&(g1)))))) => G(((!((gm)&(g0)))&(!((!(g0))&((!(gm))&((r0)&(g1))))))&(!(((g1)&((gm)&((!(g0))&((!(rm))&((r0)&(!(r1)))))))|((!(g0))&((!(g1))&((!(gm))&((!(rm))&(!(r1)))))))))
- SR found, push into sr queue: G((!((gm)&(g0)))&(!((!(g1))&((!(gm))&((r0)&((rm)&(!(r1)))))))) => G(((!((gm)&(g0)))&(!((!(g1))&((!(gm))&((r0)&((rm)&(!(r1))))))))&(!((!(g1))&((!(gm))&((rm)&((!(g0))&(r0)))))))
- SR found, push into sr queue: G((!((gm)&(g0)))&(!((!(g1))&((!(gm))&((r0)&((rm)&(!(r1)))))))) => G(((!((gm)&(g0)))&(!((!(g1))&((!(gm))&((r0)&((rm)&(!(r1))))))))&(!((!(g1))&((gm)&((rm)&((!(r0))&(!(r1))))))))
- SR found, push into sr queue: G((!((gm)&(g0)))&(!((!(g1))&((!(gm))&((r0)&((rm)&(!(r1)))))))) => G(((!((gm)&(g0)))&(!((!(g1))&((!(gm))&((r0)&((rm)&(!(r1))))))))&(!((r1)&((!(g0))&((g1)&((!(rm))&(!(r0))))))))
- SR found, push into sr queue: G((!((gm)&(g0)))&(!((!(g1))&((!(gm))&((r0)&((rm)&(!(r1)))))))) => G(((!((gm)&(g0)))&(!((!(g1))&((!(gm))&((r0)&((rm)&(!(r1))))))))&(!((!(g1))&((!(gm))&((r1)&((!(g0))&(!(r0))))))))
- SR found, push into sr queue: G((!((gm)&(g0)))&(!((!(g1))&((!(gm))&((r0)&((rm)&(!(r1)))))))) => G(((!((gm)&(g0)))&(!((!(g1))&((!(gm))&((r0)&((rm)&(!(r1))))))))&(!((!(g0))&((!(g1))&((rm)&((!(gm))&((r0)&(r1))))))))
- SR found, push into sr queue: G((!((gm)&(g0)))&(!((!(g1))&((!(gm))&((r0)&((rm)&(!(r1)))))))) => G(((!((gm)&(g0)))&(!((!(g1))&((!(gm))&((r0)&((rm)&(!(r1))))))))&(!((!(g0))&((!(gm))&((r0)&((!(g1))&((rm)&(r1))))))))
- SR found, push into sr queue: G((!((gm)&(g0)))&(!((!(g1))&((!(gm))&((r0)&((rm)&(!(r1)))))))) => G(((!((gm)&(g0)))&(!((!(g1))&((!(gm))&((r0)&((rm)&(!(r1))))))))&(!(((g1)&((gm)&((!(g0))&((!(rm))&((r0)&(!(r1)))))))|((!(g0))&((!(g1))&((!(gm))&((!(rm))&(!(r1)))))))))
- SR found, push into sr queue: G((!((gm)&(g0)))&(!((!(g1))&((!(gm))&((rm)&((!(g0))&(r0))))))) => G(((!((gm)&(g0)))&(!((!(g1))&((!(gm))&((rm)&((!(g0))&(r0)))))))&(!((!(g1))&((gm)&((rm)&((!(r0))&(!(r1))))))))
- SR found, push into sr queue: G((!((gm)&(g0)))&(!((!(g1))&((!(gm))&((rm)&((!(g0))&(r0))))))) => G(((!((gm)&(g0)))&(!((!(g1))&((!(gm))&((rm)&((!(g0))&(r0)))))))&(!((r1)&((!(g0))&((g1)&((!(rm))&(!(r0))))))))
- SR found, push into sr queue: G((!((gm)&(g0)))&(!((!(g1))&((!(gm))&((rm)&((!(g0))&(r0))))))) => G(((!((gm)&(g0)))&(!((!(g1))&((!(gm))&((rm)&((!(g0))&(r0)))))))&(!((!(g1))&((!(gm))&((r1)&((!(g0))&(!(r0))))))))
- SR found, push into sr queue: G((!((gm)&(g0)))&(!((!(g1))&((!(gm))&((rm)&((!(g0))&(r0))))))) => G(((!((gm)&(g0)))&(!((!(g1))&((!(gm))&((rm)&((!(g0))&(r0)))))))&(!(((g1)&((gm)&((!(g0))&((!(rm))&((r0)&(!(r1)))))))|((!(g0))&((!(g1))&((!(gm))&((!(rm))&(!(r1)))))))))
- SR found, push into sr queue: G((!((gm)&(g0)))&(!((!(g1))&((gm)&((rm)&((!(r0))&(!(r1)))))))) => G(((!((gm)&(g0)))&(!((!(g1))&((gm)&((rm)&((!(r0))&(!(r1))))))))&(!((r1)&((!(g0))&((g1)&((!(rm))&(!(r0))))))))
- SR found, push into sr queue: G((!((gm)&(g0)))&(!((!(g1))&((gm)&((rm)&((!(r0))&(!(r1)))))))) => G(((!((gm)&(g0)))&(!((!(g1))&((gm)&((rm)&((!(r0))&(!(r1))))))))&(!((!(g1))&((!(gm))&((r1)&((!(g0))&(!(r0))))))))
- SR found, push into sr queue: G((!((gm)&(g0)))&(!((!(g1))&((gm)&((rm)&((!(r0))&(!(r1)))))))) => G(((!((gm)&(g0)))&(!((!(g1))&((gm)&((rm)&((!(r0))&(!(r1))))))))&(!((!(g0))&((!(g1))&((rm)&((!(gm))&((r0)&(r1))))))))
- SR found, push into sr queue: G((!((gm)&(g0)))&(!((!(g1))&((gm)&((rm)&((!(r0))&(!(r1)))))))) => G(((!((gm)&(g0)))&(!((!(g1))&((gm)&((rm)&((!(r0))&(!(r1))))))))&(!((!(g0))&((!(gm))&((r0)&((!(g1))&((rm)&(r1))))))))
- SR found, push into sr queue: G((!((gm)&(g0)))&(!((!(g1))&((gm)&((rm)&((!(r0))&(!(r1)))))))) => G(((!((gm)&(g0)))&(!((!(g1))&((gm)&((rm)&((!(r0))&(!(r1))))))))&(!(((g1)&((gm)&((!(g0))&((!(rm))&((r0)&(!(r1)))))))|((!(g0))&((!(g1))&((!(gm))&((!(rm))&(!(r1)))))))))
- SR found, push into sr queue: G((!((gm)&(g0)))&(!((r1)&((!(g0))&((g1)&((!(rm))&(!(r0)))))))) => G(((!((gm)&(g0)))&(!((r1)&((!(g0))&((g1)&((!(rm))&(!(r0))))))))&(!((!(g1))&((!(gm))&((r1)&((!(g0))&(!(r0))))))))
- SR found, push into sr queue: G((!((gm)&(g0)))&(!((r1)&((!(g0))&((g1)&((!(rm))&(!(r0)))))))) => G(((!((gm)&(g0)))&(!((r1)&((!(g0))&((g1)&((!(rm))&(!(r0))))))))&(!((!(g0))&((!(g1))&((rm)&((!(gm))&((r0)&(r1))))))))
- SR found, push into sr queue: G((!((gm)&(g0)))&(!((r1)&((!(g0))&((g1)&((!(rm))&(!(r0)))))))) => G(((!((gm)&(g0)))&(!((r1)&((!(g0))&((g1)&((!(rm))&(!(r0))))))))&(!((!(g0))&((!(gm))&((r0)&((!(g1))&((rm)&(r1))))))))
- SR found, push into sr queue: G((!((gm)&(g0)))&(!((r1)&((!(g0))&((g1)&((!(rm))&(!(r0)))))))) => G(((!((gm)&(g0)))&(!((r1)&((!(g0))&((g1)&((!(rm))&(!(r0))))))))&(!(((g1)&((gm)&((!(g0))&((!(rm))&((r0)&(!(r1)))))))|((!(g0))&((!(g1))&((!(gm))&((!(rm))&(!(r1)))))))))
- SR found, push into sr queue: G((!((gm)&(g0)))&(!((!(g1))&((!(gm))&((r1)&((!(g0))&(!(r0)))))))) => G(((!((gm)&(g0)))&(!((!(g1))&((!(gm))&((r1)&((!(g0))&(!(r0))))))))&(!((!(g0))&((!(g1))&((rm)&((!(gm))&((r0)&(r1))))))))
- SR found, push into sr queue: G((!((gm)&(g0)))&(!((!(g1))&((!(gm))&((r1)&((!(g0))&(!(r0)))))))) => G(((!((gm)&(g0)))&(!((!(g1))&((!(gm))&((r1)&((!(g0))&(!(r0))))))))&(!((!(g0))&((!(gm))&((r0)&((!(g1))&((rm)&(r1))))))))
- SR found, push into sr queue: G((!((gm)&(g0)))&(!((!(g1))&((!(gm))&((r1)&((!(g0))&(!(r0)))))))) => G(((!((gm)&(g0)))&(!((!(g1))&((!(gm))&((r1)&((!(g0))&(!(r0))))))))&(!(((g1)&((gm)&((!(g0))&((!(rm))&((r0)&(!(r1)))))))|((!(g0))&((!(g1))&((!(gm))&((!(rm))&(!(r1)))))))))
- SR found, push into sr queue: G((!((gm)&(g0)))&(!((!(g0))&((!(g1))&((rm)&((!(gm))&((r0)&(r1)))))))) => G(((!((gm)&(g0)))&(!((!(g0))&((!(g1))&((rm)&((!(gm))&((r0)&(r1))))))))&(!(((g1)&((gm)&((!(g0))&((!(rm))&((r0)&(!(r1)))))))|((!(g0))&((!(g1))&((!(gm))&((!(rm))&(!(r1)))))))))
- SR found, push into sr queue: G((!((gm)&(g0)))&(!((!(g0))&((!(gm))&((r0)&((!(g1))&((rm)&(r1)))))))) => G(((!((gm)&(g0)))&(!((!(g0))&((!(gm))&((r0)&((!(g1))&((rm)&(r1))))))))&(!(((g1)&((gm)&((!(g0))&((!(rm))&((r0)&(!(r1)))))))|((!(g0))&((!(g1))&((!(gm))&((!(rm))&(!(r1)))))))))
- SR found, push into sr queue: G(((!((gm)&(g0)))&(!((!(g0))&(r0))))&(!((!(g1))&(r1)))) => G((((!((gm)&(g0)))&(!((!(g0))&(r0))))&(!((!(g1))&(r1))))&(!((g0)&((g1)&((!(r0))&(r1))))))
- SR found, push into sr queue: G(((!((gm)&(g0)))&(!((!(g0))&(r0))))&(!((!(g1))&(r1)))) => G((((!((gm)&(g0)))&(!((!(g0))&(r0))))&(!((!(g1))&(r1))))&(!((!(g1))&((!(gm))&((r0)&((rm)&(!(r1))))))))
- SR found, push into sr queue: G(((!((gm)&(g0)))&(!((!(g0))&(r0))))&(!((!(g1))&(r1)))) => G((((!((gm)&(g0)))&(!((!(g0))&(r0))))&(!((!(g1))&(r1))))&(!((!(g1))&((gm)&((rm)&((!(r0))&(!(r1))))))))
- SR found, push into sr queue: G(((!((gm)&(g0)))&(!((!(g0))&(r0))))&(!((!(g1))&(r1)))) => G((((!((gm)&(g0)))&(!((!(g0))&(r0))))&(!((!(g1))&(r1))))&(!((r1)&((!(g0))&((g1)&((!(rm))&(!(r0))))))))
- SR found, push into sr queue: G(((!((gm)&(g0)))&(!((!(g0))&(r0))))&(!((!(g1))&(r1)))) => G((((!((gm)&(g0)))&(!((!(g0))&(r0))))&(!((!(g1))&(r1))))&(!(((g1)&((gm)&((!(g0))&((!(rm))&((r0)&(!(r1)))))))|((!(g0))&((!(g1))&((!(gm))&((!(rm))&(!(r1)))))))))
- SR found, push into sr queue: G(((!((gm)&(g0)))&(!((!(g0))&(r0))))&(!((g0)&((g1)&((!(r0))&(r1)))))) => G((((!((gm)&(g0)))&(!((!(g0))&(r0))))&(!((g0)&((g1)&((!(r0))&(r1))))))&(!((!(g1))&((!(gm))&((r0)&((rm)&(!(r1))))))))
- SR found, push into sr queue: G(((!((gm)&(g0)))&(!((!(g0))&(r0))))&(!((g0)&((g1)&((!(r0))&(r1)))))) => G((((!((gm)&(g0)))&(!((!(g0))&(r0))))&(!((g0)&((g1)&((!(r0))&(r1))))))&(!((!(g1))&((gm)&((rm)&((!(r0))&(!(r1))))))))
- SR found, push into sr queue: G(((!((gm)&(g0)))&(!((!(g0))&(r0))))&(!((g0)&((g1)&((!(r0))&(r1)))))) => G((((!((gm)&(g0)))&(!((!(g0))&(r0))))&(!((g0)&((g1)&((!(r0))&(r1))))))&(!((r1)&((!(g0))&((g1)&((!(rm))&(!(r0))))))))
- SR found, push into sr queue: G(((!((gm)&(g0)))&(!((!(g0))&(r0))))&(!((g0)&((g1)&((!(r0))&(r1)))))) => G((((!((gm)&(g0)))&(!((!(g0))&(r0))))&(!((g0)&((g1)&((!(r0))&(r1))))))&(!((!(g1))&((!(gm))&((r1)&((!(g0))&(!(r0))))))))
- SR found, push into sr queue: G(((!((gm)&(g0)))&(!((!(g0))&(r0))))&(!((g0)&((g1)&((!(r0))&(r1)))))) => G((((!((gm)&(g0)))&(!((!(g0))&(r0))))&(!((g0)&((g1)&((!(r0))&(r1))))))&(!(((g1)&((gm)&((!(g0))&((!(rm))&((r0)&(!(r1)))))))|((!(g0))&((!(g1))&((!(gm))&((!(rm))&(!(r1)))))))))
- SR found, push into sr queue: G(((!((gm)&(g0)))&(!((!(g0))&(r0))))&(!((!(g1))&((!(gm))&((r0)&((rm)&(!(r1)))))))) => G((((!((gm)&(g0)))&(!((!(g0))&(r0))))&(!((!(g1))&((!(gm))&((r0)&((rm)&(!(r1))))))))&(!((!(g1))&((gm)&((rm)&((!(r0))&(!(r1))))))))
- SR found, push into sr queue: G(((!((gm)&(g0)))&(!((!(g0))&(r0))))&(!((!(g1))&((!(gm))&((r0)&((rm)&(!(r1)))))))) => G((((!((gm)&(g0)))&(!((!(g0))&(r0))))&(!((!(g1))&((!(gm))&((r0)&((rm)&(!(r1))))))))&(!((r1)&((!(g0))&((g1)&((!(rm))&(!(r0))))))))
- SR found, push into sr queue: G(((!((gm)&(g0)))&(!((!(g0))&(r0))))&(!((!(g1))&((!(gm))&((r0)&((rm)&(!(r1)))))))) => G((((!((gm)&(g0)))&(!((!(g0))&(r0))))&(!((!(g1))&((!(gm))&((r0)&((rm)&(!(r1))))))))&(!((!(g1))&((!(gm))&((r1)&((!(g0))&(!(r0))))))))
- SR found, push into sr queue: G(((!((gm)&(g0)))&(!((!(g0))&(r0))))&(!((!(g1))&((!(gm))&((r0)&((rm)&(!(r1)))))))) => G((((!((gm)&(g0)))&(!((!(g0))&(r0))))&(!((!(g1))&((!(gm))&((r0)&((rm)&(!(r1))))))))&(!(((g1)&((gm)&((!(g0))&((!(rm))&((r0)&(!(r1)))))))|((!(g0))&((!(g1))&((!(gm))&((!(rm))&(!(r1)))))))))
Fix Done. (result = 19, checktime = 101, time = 22265.7ms)

Will Print Fix_Result Into Outfile...
Ref Fix Done.
random_result: /src/autobc/experiment1.3/prioritized_arbiter/contrasty16.txt/random_result.txt
Domains:
	G(F(!(rm)))
Goals:
	G(!((gm)&(g0)))
	G(!((gm)&(g1)))
	G((!(g0))|(!(g1)))
	G((!(rm))|(X(((!(g0))&(!(g1)))U(gm))))
	(G((!(r1))|(F(g1))))&(G((!(r0))|(F(g0))))
	G(((!(r0))|(F(!(r1))))|(X(X((g0)&(g1)))))
BCs:
	(((((((((((F((!(g0))&((!(g1))&((!(gm))&((!(rm))&((!(r1))&(X((!(g1))&((!(gm))&((r1)&((!(g0))&((!(r0))&(X(G(!(g1))))))))))))))))|(F((g1)&((gm)&((!(g0))&((!(rm))&((r0)&(!(r1)))))))))|(F((!(g0))&((!(gm))&((r0)&((g1)&(X(G(!(g0))))))))))|(F((!(g0))&((!(gm))&((r0)&((!(g1))&((rm)&((r1)&(X(G(!(g0))))))))))))|(F((g0)&((g1)&((!(r0))&(r1))))))|(F((!(g1))&((!(gm))&((r0)&((rm)&((!(r1))&(X((r1)&((!(g0))&((g1)&((!(rm))&((!(r0))&(X((!(g1))&((gm)&((rm)&((!(r0))&(!(r1))))))))))))))))))))|(F((!(g1))&((!(gm))&((rm)&((!(g0))&((r0)&(X(G(rm))))))))))|(F((!(g0))&((!(g1))&((rm)&((!(gm))&((r0)&((r1)&(X(G((g0)|((g1)&(!(gm))))))))))))))|(F((!(r1))&(X(G(rm))))))|(F((!(g0))&((r0)&(X(G(!(g0))))))))|(F((r0)&(X((r1)&(X(!(r1))))))))|(F((!(g1))&((r1)&(X(G(!(g1)))))))

Finding Target BC...
Target BC is (((((((((((F((g1)&((gm)&((!(g0))&((!(rm))&((r0)&(!(r1))))))))|(F((!(g0))&((!(g1))&((!(gm))&((!(rm))&((!(r1))&(X((!(g1))&((!(gm))&((r1)&((!(g0))&((!(r0))&(X(G(!(g1)))))))))))))))))|(F((!(g0))&((!(gm))&((r0)&((g1)&(X(G(!(g0))))))))))|(F((!(g0))&((!(gm))&((r0)&((!(g1))&((rm)&((r1)&(X(G(!(g0))))))))))))|(F((g0)&((g1)&((!(r0))&(r1))))))|(F((!(g1))&((!(gm))&((r0)&((rm)&((!(r1))&(X((r1)&((!(g0))&((g1)&((!(rm))&((!(r0))&(X((!(g1))&((gm)&((rm)&((!(r0))&(!(r1))))))))))))))))))))|(F((!(g1))&((!(gm))&((rm)&((!(g0))&((r0)&(X(G(rm))))))))))|(F((!(g0))&((!(g1))&((rm)&((!(gm))&((r0)&((r1)&(X(G((g0)|((g1)&(!(gm))))))))))))))|(F((!(r1))&(X(G(rm))))))|(F((!(g0))&((r0)&(X(G(!(g0))))))))|(F((r0)&(X((r1)&(X(!(r1))))))))|(F((!(g1))&((r1)&(X(G(!(g1)))))))
-- Terms:
-- -- r0
-- -- r1
-- -- !(r1)
-- -- (!(g0))&(r0)
-- -- (!(g1))&(r1)
-- -- (g0)&((g1)&((!(r0))&(r1)))
-- -- (!(g0))&((!(gm))&((r0)&(g1)))
-- -- (!(g1))&((!(gm))&((r0)&((rm)&(!(r1)))))
-- -- (!(g1))&((!(gm))&((rm)&((!(g0))&(r0))))
-- -- (!(g1))&((gm)&((rm)&((!(r0))&(!(r1)))))
-- -- (r1)&((!(g0))&((g1)&((!(rm))&(!(r0)))))
-- -- (!(g1))&((!(gm))&((r1)&((!(g0))&(!(r0)))))
-- -- (!(g0))&((!(g1))&((rm)&((!(gm))&((r0)&(r1)))))
-- -- (!(g0))&((!(gm))&((r0)&((!(g1))&((rm)&(r1)))))
-- -- ((g1)&((gm)&((!(g0))&((!(rm))&((r0)&(!(r1)))))))|((!(g0))&((!(g1))&((!(gm))&((!(rm))&(!(r1))))))
Finding Target Goal...
Target Goal is G(!((gm)&(g0)))

Random Fix with limit = 100
+ RS result found: (r0)&(F((gm)|(g0)))
+ RS result found: (r0)&(G((gm)&(g0)))
+ RS result found: (r0)|(!((gm)&(g0)))
+ RS result found: (r0)U(!((!(gm))&(g0)))
+ RS result found: (r0)U(!((gm)U(!(g0))))
+ RS result found: ((r0)U(g1))R(!((gm)&(g0)))
+ RS result found: (g0)&(!((gm)&(g0)))
+ RS result found: (g0)|(!((gm)&(g0)))
+ RS result found: (g0)|(G((gm)&(g0)))
+ RS result found: (!(g0))|(!((gm)&(g0)))
+ RS result found: (g0)|(X((gm)R(F(g0))))
+ RS result found: (r0)R(X((gm)&(g0)))
+ RS result found: (r0)U(!((gm)&(g0)))
+ RS result found: (r0)U(G((gm)R(g0)))
+ RS result found: (G(r0))U(!((gm)&(g0)))
+ RS result found: (r0)R(F((gm)U(G(g0))))
+ RS result found: (r0)U(!(((gm)U(r1))R(g0)))
+ RS result found: !(!((gm)&(g0)))
+ RS result found: !(G((gm)|(g0)))
+ RS result found: X(X((gm)&(g0)))
+ RS result found: G(G((g0)&(X(gm))))
+ RS result found: X(!((gm)&(G(g0))))
+ RS result found: F(F((gm)&(g0)))
+ RS result found: F(X((gm)U(g0)))
+ RS result found: X(!((gm)&(g0)))
+ RS result found: !(X(((gm)|(rm))R(g0)))
+ RS result found: F(X((gm)U((g0)&(r1))))
+ RS result found: G((r1)|(X(g0)))
+ RS result found: X(!((gm)&(g0)))
+ RS result found: F((r1)U((gm)&(g0)))
+ RS result found: X((r1)|(!((g0)U(rm))))
+ RS result found: F(((r1)R(gm))R((gm)&(g0)))
+ RS result found: (gm)&(!((gm)&(g0)))
+ RS result found: (G(gm))R(!((gm)&(g0)))
+ RS result found: (gm)R((r1)U((gm)U(g0)))
+ RS result found: (gm)U((r1)U((gm)&(g0)))
+ RS result found: (gm)R((r1)|((!(gm))&(g0)))
+ RS result found: (gm)U((r1)|((gm)|(G(g0))))
+ RS result found: (gm)U(((r1)|(r0))&((gm)&(g0)))
+ RS result found: (g0)R(!((gm)&(g0)))
+ RS result found: (g0)|((r0)|(!(g0)))
+ RS result found: (!((gm)&(g0)))|(G(g0))
+ RS result found: (g0)R((r0)|((gm)&(g0)))
+ RS result found: (g0)U((r0)&(G((g0)R(rm))))
+ RS result found: (g0)|(((gm)&(g0))&((r0)U(rm)))
+ RS result found: (rm)&(G(F(g0)))
+ RS result found: (rm)R(G((gm)&(g0)))
+ RS result found: (rm)U(!((gm)&(g0)))
+ RS result found: (!((gm)&(g0)))&(X(rm))
+ RS result found: (rm)|(!(!((g0)|(r1))))
+ RS result found: X(!(!(g0)))
+ RS result found: G(X((gm)&(g0)))
+ RS result found: X(!((gm)&(g0)))
+ RS result found: G(X(G((g0)&(gm))))
+ RS result found: (r0)&(!((gm)&(g0)))
+ RS result found: (r0)|((gm)U(X(g0)))
+ RS result found: (!((gm)&(g0)))|(X(r0))
+ RS result found: (r0)|((gm)U(X(!(g0))))
+ RS result found: (r0)U((gm)R((gm)&(g0)))
+ RS result found: (gm)R(!(!(g0)))
+ RS result found: (gm)|(!((gm)&(g0)))
+ RS result found: (gm)|(F((gm)&(g0)))
+ RS result found: (gm)&(!(!((g0)R(g0))))
+ RS result found: (!((gm)&(g0)))|((gm)U(rm))
+ RS result found: (gm)&(!((gm)&(g0)))
+ RS result found: (gm)&((gm)&(X(g0)))
+ RS result found: (gm)U((gm)U(F(X(g0))))
+ RS result found: (gm)U((gm)&((gm)&(g0)))
+ RS result found: ((gm)&(g0))R(!((gm)&(g0)))
+ RS result found: (gm)&(((gm)U(gm))U((gm)&(g0)))
+ RS result found: X(G(G(g0)))
+ RS result found: !(!((gm)&(g0)))
+ RS result found: X(X((gm)&(g0)))
+ RS result found: !(!((gm)&(g0)))
+ RS result found: !((g1)U((gm)U(g0)))
+ RS result found: G((g1)U((gm)&(g0)))
+ RS result found: F((g1)R((gm)&(X(g0))))
+ RS result found: F((g1)|((g0)&(F(gm))))
+ RS result found: X((F(g1))U((gm)&(g0)))
+ RS result found: !(X(X(g0)))
+ RS result found: F(!((gm)&(g0)))
+ RS result found: F(X((gm)&(g0)))
+ RS result found: X(F(G(g0)))
+ RS result found: !(G(!(X(g0))))
+ RS result found: F(!((gm)&(g0)))
+ RS result found: F(G((gm)&(g0)))
+ RS result found: !(!((gm)&(g0)))
+ RS result found: X((r1)&(!(g0)))
+ RS result found: G((r1)&(G(F(g0))))
+ RS result found: G((r1)|((gm)&(g0)))
+ RS result found: X(((gm)&(g0))&(X(r1)))
+ RS result found: G((g0)&(F(g0)))
+ RS result found: X(!((gm)&(g0)))
+ RS result found: F((g0)U((gm)&(g0)))
+ RS result found: X(!((gm)&(g0)))
+ RS result found: !((r1)|((gm)&(g0)))
+ RS result found: X((r1)U((gm)|(g0)))
+ RS result found: !((r1)R((F(gm))R(g0)))
+ RS result found: G((r1)|((gm)U(X(g0))))
+ RS result found: G(((r1)U(rm))R((gm)&(g0)))
+ RS result found: !(G((gm)&(g0)))
Fix Done. (result = 91, checktime = 101, time = 5383.55ms)

Will Print Fix Result Into Outfile...
Ref Fix Done.
rank_result: /src/autobc/experiment1.3/prioritized_arbiter/contrasty16.txt/rank_result.txt
Ranking_Ref_Results: 19
Ref_Solver_Time:246982

    semSim    synSim  len_diff	ltl
         1  0.622222        17	G((!((gm)&(g0)))|((!(g0))&(r0)))
         1  0.553846        31	G((!((gm)&(g0)))|((g0)&((g1)&((!(r0))&(r1)))))
         1  0.553846        34	G((!((gm)&(g0)))|((!(g0))&((!(gm))&((r0)&(g1)))))
         1     0.525        44	G((!((gm)&(g0)))|((!(g1))&((!(gm))&((rm)&((!(g0))&(r0))))))
         1  0.517647        44	G((!((gm)&(g0)))|((!(g1))&((!(gm))&((r0)&((rm)&(!(r1)))))))
         1  0.517647        44	G((!((gm)&(g0)))|((r1)&((!(g0))&((g1)&((!(rm))&(!(r0)))))))
         1  0.517647        47	G((!((gm)&(g0)))|((!(g1))&((!(gm))&((r1)&((!(g0))&(!(r0)))))))
         1  0.511111        51	G((!((gm)&(g0)))|((!(g0))&((!(g1))&((rm)&((!(gm))&((r0)&(r1)))))))
         1  0.511111        51	G((!((gm)&(g0)))|((!(g0))&((!(gm))&((r0)&((!(g1))&((rm)&(r1)))))))
         1      0.48       101	G((!((gm)&(g0)))|(((g1)&((gm)&((!(g0))&((!(rm))&((r0)&(!(r1)))))))|((!(g0))&((!(g1))&((!(gm))&((!(rm))&(!(r1))))))))
  0.531728  0.517647        44	G((!((gm)&(g0)))|((!(g1))&((gm)&((rm)&((!(r0))&(!(r1)))))))
       0.5  0.685714         7	G((!((gm)&(g0)))|(r1))
       0.5       0.6        17	G((!((gm)&(g0)))|((!(g1))&(r1)))
       0.5  0.685714         7	G((!((gm)&(g0)))|(r0))
       0.5      0.65        10	G((!((gm)&(g0)))|(!(r1)))
       0.5       0.8         0	F(!((gm)&(g0)))
       0.5      0.65        10	G((!((gm)&(g0)))&(!(r0)))
       0.5      0.65        10	G((!((gm)&(g0)))&(!(r1)))
       0.5  0.622222        13	G((!((gm)&(g0)))&(!(!(r1))))
Ranking_Random_Results: 91
Random Solver Results:
Random_Solver_Time:1.46296e+06

    semSim    synSim  len_diff	ltl
         1       0.8        11	((gm)&(g0))R(!((gm)&(g0)))
  0.899722  0.733333         7	(G(gm))R(!((gm)&(g0)))
       0.5       0.8         4	(g0)R(!((gm)&(g0)))
       0.5      0.65        11	((r0)U(g1))R(!((gm)&(g0)))
       0.5       0.8         0	X(!((gm)&(g0)))
       0.5  0.733333         7	(!((gm)&(g0)))|(G(g0))
       0.5  0.733333         7	(!(g0))|(!((gm)&(g0)))
       0.5  0.685714         7	(G(r0))U(!((gm)&(g0)))
       0.5  0.733333         4	(rm)U(!((gm)&(g0)))
       0.5  0.733333         4	(r0)U(!((gm)&(g0)))
       0.5  0.733333         4	(r0)|(!((gm)&(g0)))
       0.5  0.685714         7	(!((gm)&(g0)))|(X(r0))
       0.5  0.685714        11	(!((gm)&(g0)))|((gm)U(rm))
       0.5       0.8         0	F(!((gm)&(g0)))
       0.5       0.8         4	(g0)|(!((gm)&(g0)))
       0.5       0.8         4	(gm)|(!((gm)&(g0)))
       0.5       0.6         0	!(G((gm)&(g0)))
       0.5       0.4         0	!(G((gm)|(g0)))
       0.5       0.4         0	F(X((gm)U(g0)))
       0.5  0.366667         3	X(!((gm)&(G(g0))))
       0.5  0.366667         7	(g0)|(X((gm)R(F(g0))))
       0.5  0.366667         7	(gm)U((gm)U(F(X(g0))))
       0.5  0.342857         7	F((g1)|((g0)&(F(gm))))
       0.5       0.2         1	!(G(!(X(g0))))
       0.5       0.2         4	(g0)|((r0)|(!(g0)))
  0.499817  0.342857         7	F(X((gm)U((g0)&(r1))))
  0.490721  0.342857         7	(r0)R(F((gm)U(G(g0))))
  0.490721     0.225         4	X(F(G(g0)))
  0.469224  0.342857         7	!(X(((gm)|(rm))R(g0)))
  0.464266  0.342857         7	(r0)|((gm)U(X(!(g0))))
  0.462271     0.325        11	(r0)U(!(((gm)U(r1))R(g0)))
  0.431326  0.342857         7	!((r1)R((F(gm))R(g0)))
  0.431326  0.342857         7	(r0)U(!((!(gm))&(g0)))
  0.419175     0.225         4	!(X(X(g0)))
  0.413205  0.171429         7	X((r1)|(!((g0)U(rm))))
  0.365146  0.171429         7	(rm)|(!(!((g0)|(r1))))
  0.352865  0.366667         4	X((r1)U((gm)|(g0)))
    0.3125  0.342857        11	(gm)U((r1)|((gm)|(G(g0))))
  0.307573  0.366667         4	(r0)|((gm)U(X(g0)))
  0.297112  0.366667         4	!((g1)U((gm)U(g0)))
      0.25  0.733333         4	(r0)&(!((gm)&(g0)))
      0.25      0.55         4	!((r1)|((gm)&(g0)))
      0.25  0.366667         4	(r0)&(F((gm)|(g0)))
  0.205049       0.2         0	X((r1)&(!(g0)))
  0.179318  0.342857         7	(r0)U(!((gm)U(!(g0))))
  0.151456  0.685714         7	(!((gm)&(g0)))&(X(rm))
  0.140388  0.342857        11	(gm)R((r1)|((!(gm))&(g0)))
  0.137783       0.2         0	(rm)&(G(F(g0)))
     0.125       0.8         4	(g0)&(!((gm)&(g0)))
     0.125       0.8         4	(gm)&(!((gm)&(g0)))
     0.125       0.6         4	(g0)|(G((gm)&(g0)))
     0.125    0.4875        15	(g0)|(((gm)&(g0))&((r0)U(rm)))
     0.125       0.6         4	(gm)|(F((gm)&(g0)))
 0.0927575  0.366667         8	(gm)R((r1)U((gm)U(g0)))
  0.089903     0.225         4	X(!(!(g0)))
 0.0896585      0.55         8	(g0)R((r0)|((gm)&(g0)))
 0.0449294  0.342857         7	F((g1)R((gm)&(X(g0))))
 0.0224758       0.4         4	(gm)&((gm)&(X(g0)))
1.90653e-15  0.366667         4	(r0)U(G((gm)R(g0)))
1.36625e-19  0.342857         7	G((r1)|((gm)U(X(g0))))
6.84312e-23       0.2         0	G((r1)|(X(g0)))
2.4254e-48     0.225         4	X(G(G(g0)))
1.45525e-48     0.225         0	G((g0)&(F(g0)))
6.51106e-55      0.55         4	G((r1)|((gm)&(g0)))
3.29182e-104       0.4         0	(gm)R(!(!(g0)))
        -1       0.8         0	!(!((gm)&(g0)))
        -1       0.6         0	F(F((gm)&(g0)))
        -1       0.6         0	F(G((gm)&(g0)))
        -1       0.6         0	F(X((gm)&(g0)))
        -1       0.6         0	G(X((gm)&(g0)))
        -1       0.6         0	X(X((gm)&(g0)))
        -1       0.6         4	F((g0)U((gm)&(g0)))
        -1       0.6         8	(gm)U((gm)&((gm)&(g0)))
        -1      0.55         4	(r0)&(G((gm)&(g0)))
        -1      0.55         4	(r0)R(X((gm)&(g0)))
        -1      0.55         4	(rm)R(G((gm)&(g0)))
        -1      0.55         4	F((r1)U((gm)&(g0)))
        -1      0.55         4	G((g1)U((gm)&(g0)))
        -1      0.55         8	(gm)U((r1)U((gm)&(g0)))
        -1      0.55         8	(r0)U((gm)R((gm)&(g0)))
        -1      0.55        15	(gm)&(((gm)U(gm))U((gm)&(g0)))
        -1  0.514286         7	X(((gm)&(g0))&(X(r1)))
        -1  0.514286         7	X((F(g1))U((gm)&(g0)))
        -1  0.514286        11	F(((r1)R(gm))R((gm)&(g0)))
        -1    0.4875        11	G(((r1)U(rm))R((gm)&(g0)))
        -1    0.4875        15	(gm)U(((r1)|(r0))&((gm)&(g0)))
        -1  0.366667         3	G(G((g0)&(X(gm))))
        -1  0.366667         3	G(X(G((g0)&(gm))))
        -1  0.366667         7	(gm)&(!(!((g0)R(g0))))
        -1  0.183333         3	G((r1)&(G(F(g0))))
        -1  0.171429        11	(g0)U((r0)&(G((g0)R(rm))))

Top 1:
TopItem 1:
         1       0.8        11	((gm)&(g0))R(!((gm)&(g0)))

Formula_Count=1
+Ref_Solver_Count=0
+Random_Solver_Count=1
Top 2:
TopItem 1:
         1       0.8        11	((gm)&(g0))R(!((gm)&(g0)))
TopItem 2:
         1  0.622222        17	G((!((gm)&(g0)))|((!(g0))&(r0)))

Formula_Count=2
+Ref_Solver_Count=0.5
+Random_Solver_Count=0.5
Top 3:
TopItem 1:
         1       0.8        11	((gm)&(g0))R(!((gm)&(g0)))
TopItem 2:
         1  0.622222        17	G((!((gm)&(g0)))|((!(g0))&(r0)))
TopItem 3:
         1  0.553846        31	G((!((gm)&(g0)))|((g0)&((g1)&((!(r0))&(r1)))))

Formula_Count=3
+Ref_Solver_Count=0.666667
+Random_Solver_Count=0.333333
rank_m_result_file: /src/autobc/experiment1.3/prioritized_arbiter/contrasty16.txt/rank_m_result.txt
Ranking_Ref_Results: 19
Ref_Solver_Time:202002

    semSim    synSim  len_diff	ltl
         1         1        17	G((!((gm)&(g0)))|((!(g0))&(r0)))
         1         1        31	G((!((gm)&(g0)))|((g0)&((g1)&((!(r0))&(r1)))))
         1         1        34	G((!((gm)&(g0)))|((!(g0))&((!(gm))&((r0)&(g1)))))
         1         1        44	G((!((gm)&(g0)))|((!(g1))&((!(gm))&((r0)&((rm)&(!(r1)))))))
         1         1        44	G((!((gm)&(g0)))|((!(g1))&((!(gm))&((rm)&((!(g0))&(r0))))))
         1         1        44	G((!((gm)&(g0)))|((r1)&((!(g0))&((g1)&((!(rm))&(!(r0)))))))
         1         1        47	G((!((gm)&(g0)))|((!(g1))&((!(gm))&((r1)&((!(g0))&(!(r0)))))))
         1         1        51	G((!((gm)&(g0)))|((!(g0))&((!(g1))&((rm)&((!(gm))&((r0)&(r1)))))))
         1         1        51	G((!((gm)&(g0)))|((!(g0))&((!(gm))&((r0)&((!(g1))&((rm)&(r1)))))))
         1         1       101	G((!((gm)&(g0)))|(((g1)&((gm)&((!(g0))&((!(rm))&((r0)&(!(r1)))))))|((!(g0))&((!(g1))&((!(gm))&((!(rm))&(!(r1))))))))
  0.531728         1        44	G((!((gm)&(g0)))|((!(g1))&((gm)&((rm)&((!(r0))&(!(r1)))))))
       0.5         1         7	G((!((gm)&(g0)))|(r1))
       0.5         1        17	G((!((gm)&(g0)))|((!(g1))&(r1)))
       0.5         1         7	G((!((gm)&(g0)))|(r0))
       0.5         1        10	G((!((gm)&(g0)))|(!(r1)))
       0.5       0.5         0	F(!((gm)&(g0)))
       0.5         1        10	G((!((gm)&(g0)))&(!(r0)))
       0.5         1        10	G((!((gm)&(g0)))&(!(r1)))
       0.5         1        13	G((!((gm)&(g0)))&(!(!(r1))))
Ranking_Random_Results: 91
Random Solver Results:
Random_Solver_Time:1.31077e+06

    semSim    synSim  len_diff	ltl
         1       0.5        11	((gm)&(g0))R(!((gm)&(g0)))
  0.899722  0.833333         7	(G(gm))R(!((gm)&(g0)))
       0.5       0.5         4	(g0)R(!((gm)&(g0)))
       0.5  0.416667        11	((r0)U(g1))R(!((gm)&(g0)))
       0.5       0.5         0	X(!((gm)&(g0)))
       0.5  0.833333         7	(!((gm)&(g0)))|(G(g0))
       0.5  0.833333         7	(G(r0))U(!((gm)&(g0)))
       0.5      0.75         7	(!(g0))|(!((gm)&(g0)))
       0.5       0.5         4	(rm)U(!((gm)&(g0)))
       0.5      0.75         4	(r0)|(!((gm)&(g0)))
       0.5       0.5         4	(r0)U(!((gm)&(g0)))
       0.5  0.416667         7	(!((gm)&(g0)))|(X(r0))
       0.5  0.416667        11	(!((gm)&(g0)))|((gm)U(rm))
       0.5  0.833333         0	!(G((gm)&(g0)))
       0.5  0.833333         0	!(G((gm)|(g0)))
       0.5      0.75         4	(g0)|(!((gm)&(g0)))
       0.5      0.75         4	(g0)|((r0)|(!(g0)))
       0.5      0.75         4	(gm)|(!((gm)&(g0)))
       0.5       0.7         3	X(!((gm)&(G(g0))))
       0.5       0.5         0	F(!((gm)&(g0)))
       0.5     0.375         0	F(X((gm)U(g0)))
       0.5      0.35         1	!(G(!(X(g0))))
       0.5      0.35         7	(g0)|(X((gm)R(F(g0))))
       0.5      0.35         7	(gm)U((gm)U(F(X(g0))))
       0.5      0.35         7	F((g1)|((g0)&(F(gm))))
  0.499817     0.375         7	F(X((gm)U((g0)&(r1))))
  0.490721      0.75         4	X(F(G(g0)))
  0.490721       0.7         7	(r0)R(F((gm)U(G(g0))))
  0.469224     0.375         7	!(X(((gm)|(rm))R(g0)))
  0.464266     0.375         7	(r0)|((gm)U(X(!(g0))))
  0.462271      0.35        11	(r0)U(!(((gm)U(r1))R(g0)))
  0.431326      0.35         7	!((r1)R((F(gm))R(g0)))
  0.431326       0.5         7	(r0)U(!((!(gm))&(g0)))
  0.419175     0.375         4	!(X(X(g0)))
  0.413205      0.35         7	X((r1)|(!((g0)U(rm))))
  0.365146      0.75         7	(rm)|(!(!((g0)|(r1))))
  0.352865  0.416667         4	X((r1)U((gm)|(g0)))
    0.3125       0.7        11	(gm)U((r1)|((gm)|(G(g0))))
  0.307573     0.375         4	(r0)|((gm)U(X(g0)))
  0.297112     0.375         4	!((g1)U((gm)U(g0)))
      0.25      0.75         4	!((r1)|((gm)&(g0)))
      0.25      0.75         4	(r0)&(!((gm)&(g0)))
      0.25  0.416667         4	(r0)&(F((gm)|(g0)))
  0.205049       0.5         0	X((r1)&(!(g0)))
  0.179318     0.375         7	(r0)U(!((gm)U(!(g0))))
  0.151456  0.416667         7	(!((gm)&(g0)))&(X(rm))
  0.140388       0.5        11	(gm)R((r1)|((!(gm))&(g0)))
  0.137783     0.375         0	(rm)&(G(F(g0)))
     0.125      0.75         4	(g0)&(!((gm)&(g0)))
     0.125      0.75         4	(gm)&(!((gm)&(g0)))
     0.125  0.833333         4	(g0)|(G((gm)&(g0)))
     0.125     0.375        15	(g0)|(((gm)&(g0))&((r0)U(rm)))
     0.125  0.416667         4	(gm)|(F((gm)&(g0)))
 0.0927575     0.375         8	(gm)R((r1)U((gm)U(g0)))
  0.089903       0.5         4	X(!(!(g0)))
 0.0896585       0.5         8	(g0)R((r0)|((gm)&(g0)))
 0.0449294      0.35         7	F((g1)R((gm)&(X(g0))))
 0.0224758     0.375         4	(gm)&((gm)&(X(g0)))
1.90653e-15     0.375         4	(r0)U(G((gm)R(g0)))
1.36625e-19      0.35         7	G((r1)|((gm)U(X(g0))))
6.84312e-23     0.375         0	G((r1)|(X(g0)))
2.4254e-48      0.75         4	X(G(G(g0)))
1.45525e-48     0.375         0	G((g0)&(F(g0)))
6.51106e-55         1         4	G((r1)|((gm)&(g0)))
3.29182e-104       0.5         0	(gm)R(!(!(g0)))
        -1  0.833333         0	F(G((gm)&(g0)))
        -1  0.833333         4	(r0)&(G((gm)&(g0)))
        -1  0.833333         4	(rm)R(G((gm)&(g0)))
        -1      0.75         0	!(!((gm)&(g0)))
        -1      0.75         3	G(X(G((g0)&(gm))))
        -1       0.5         8	(gm)U((gm)&((gm)&(g0)))
        -1       0.5        15	(gm)U(((r1)|(r0))&((gm)&(g0)))
        -1  0.416667         0	F(F((gm)&(g0)))
        -1  0.416667         0	F(X((gm)&(g0)))
        -1  0.416667         0	G(X((gm)&(g0)))
        -1  0.416667         0	X(X((gm)&(g0)))
        -1  0.416667         4	(r0)R(X((gm)&(g0)))
        -1  0.416667         4	F((g0)U((gm)&(g0)))
        -1  0.416667         4	F((r1)U((gm)&(g0)))
        -1  0.416667         4	G((g1)U((gm)&(g0)))
        -1  0.416667         8	(gm)U((r1)U((gm)&(g0)))
        -1  0.416667         8	(r0)U((gm)R((gm)&(g0)))
        -1     0.375         7	X(((gm)&(g0))&(X(r1)))
        -1     0.375         7	X((F(g1))U((gm)&(g0)))
        -1     0.375        11	F(((r1)R(gm))R((gm)&(g0)))
        -1     0.375        11	G(((r1)U(rm))R((gm)&(g0)))
        -1     0.375        15	(gm)&(((gm)U(gm))U((gm)&(g0)))
        -1      0.35         3	G((r1)&(G(F(g0))))
        -1      0.35         3	G(G((g0)&(X(gm))))
        -1      0.35         7	(gm)&(!(!((g0)R(g0))))
        -1      0.35        11	(g0)U((r0)&(G((g0)R(rm))))

Top 1:
TopItem 1:
         1         1        17	G((!((gm)&(g0)))|((!(g0))&(r0)))

Formula_Count=1
+Ref_Solver_Count=1
+Random_Solver_Count=0
Top 2:
TopItem 1:
         1         1        17	G((!((gm)&(g0)))|((!(g0))&(r0)))
TopItem 2:
         1         1        31	G((!((gm)&(g0)))|((g0)&((g1)&((!(r0))&(r1)))))

Formula_Count=2
+Ref_Solver_Count=1
+Random_Solver_Count=0
Top 3:
TopItem 1:
         1         1        17	G((!((gm)&(g0)))|((!(g0))&(r0)))
TopItem 2:
         1         1        31	G((!((gm)&(g0)))|((g0)&((g1)&((!(r0))&(r1)))))
TopItem 3:
         1         1        34	G((!((gm)&(g0)))|((!(g0))&((!(gm))&((r0)&(g1)))))

Formula_Count=3
+Ref_Solver_Count=1
+Random_Solver_Count=0
