-- Configuring done
-- Generating done
-- Build files have been written to: /src/autobc/build
[ 12%] Built target ltlin2post
[ 32%] Built target random_solver
[ 45%] Built target mytest
[ 66%] Built target ranking
[ 80%] Built target rander
[100%] Built target ref_solver
/src/autobc
terminate called after throwing an instance of 'autobc::output_line_too_less'
  what():  Likelyhood.jar return too less lines
/src/autobc/one_experiment.sh: line 18: 11097 Aborted                 (core dumped) ${ref_bin} --global ${domainfile} --bcfile ${bcfile} -8 /usr/bin/java -6 /jdk-16/bin/java -k 100 -t 100 --likelyhood /src/autobc/Lasso-BC/likelyhood.jar --modelcounting /src/autobc/jar/modelcounting.jar --nuxmv /src/autobc/bin/nuXmv-2.0.0-Linux --output ${ref_result_file}
No Bc Found. Abort
/src/autobc/one_experiment.sh: line 18: 11300 Aborted                 (core dumped) ${ref_bin} --global ${domainfile} --bcfile ${bcfile} -8 /usr/bin/java -6 /jdk-16/bin/java -k 100 -t 100 --likelyhood /src/autobc/Lasso-BC/likelyhood.jar --modelcounting /src/autobc/jar/modelcounting.jar --nuxmv /src/autobc/bin/nuXmv-2.0.0-Linux --output ${ref_result_file}
terminate called after throwing an instance of 'autobc::output_line_too_less'
  what():  Likelyhood.jar return too less lines
No Bc Found. Abort
/src/autobc/one_experiment.sh: line 18: 11206 Aborted                 (core dumped) ${random_bin} --global ${domainfile} --bcfile ${bcfile} -8 /usr/bin/java -6 /jdk-16/bin/java -k 100 -t 100 --likelyhood /src/autobc/Lasso-BC/likelyhood.jar --modelcounting /src/autobc/jar/modelcounting.jar --nuxmv /src/autobc/bin/nuXmv-2.0.0-Linux --output ${random_result_file}
/src/autobc/one_experiment.sh: line 18: 11414 Aborted                 (core dumped) ${random_bin} --global ${domainfile} --bcfile ${bcfile} -8 /usr/bin/java -6 /jdk-16/bin/java -k 100 -t 100 --likelyhood /src/autobc/Lasso-BC/likelyhood.jar --modelcounting /src/autobc/jar/modelcounting.jar --nuxmv /src/autobc/bin/nuXmv-2.0.0-Linux --output ${random_result_file}
No Bc Found. Abort
/src/autobc/one_experiment.sh: line 18: 11502 Aborted                 (core dumped) ${ref_bin} --global ${domainfile} --bcfile ${bcfile} -8 /usr/bin/java -6 /jdk-16/bin/java -k 100 -t 100 --likelyhood /src/autobc/Lasso-BC/likelyhood.jar --modelcounting /src/autobc/jar/modelcounting.jar --nuxmv /src/autobc/bin/nuXmv-2.0.0-Linux --output ${ref_result_file}
No Bc Found. Abort
/src/autobc/one_experiment.sh: line 18: 11658 Aborted                 (core dumped) ${random_bin} --global ${domainfile} --bcfile ${bcfile} -8 /usr/bin/java -6 /jdk-16/bin/java -k 100 -t 100 --likelyhood /src/autobc/Lasso-BC/likelyhood.jar --modelcounting /src/autobc/jar/modelcounting.jar --nuxmv /src/autobc/bin/nuXmv-2.0.0-Linux --output ${random_result_file}
No Bc Found. Abort
/src/autobc/one_experiment.sh: line 18: 11911 Aborted                 (core dumped) ${ref_bin} --global ${domainfile} --bcfile ${bcfile} -8 /usr/bin/java -6 /jdk-16/bin/java -k 100 -t 100 --likelyhood /src/autobc/Lasso-BC/likelyhood.jar --modelcounting /src/autobc/jar/modelcounting.jar --nuxmv /src/autobc/bin/nuXmv-2.0.0-Linux --output ${ref_result_file}
No Bc Found. Abort
/src/autobc/one_experiment.sh: line 18: 12160 Aborted                 (core dumped) ${random_bin} --global ${domainfile} --bcfile ${bcfile} -8 /usr/bin/java -6 /jdk-16/bin/java -k 100 -t 100 --likelyhood /src/autobc/Lasso-BC/likelyhood.jar --modelcounting /src/autobc/jar/modelcounting.jar --nuxmv /src/autobc/bin/nuXmv-2.0.0-Linux --output ${random_result_file}
No Bc Found. Abort
/src/autobc/one_experiment.sh: line 18: 12375 Aborted                 (core dumped) ${ref_bin} --global ${domainfile} --bcfile ${bcfile} -8 /usr/bin/java -6 /jdk-16/bin/java -k 100 -t 100 --likelyhood /src/autobc/Lasso-BC/likelyhood.jar --modelcounting /src/autobc/jar/modelcounting.jar --nuxmv /src/autobc/bin/nuXmv-2.0.0-Linux --output ${ref_result_file}
terminate called after throwing an instance of 'autobc::output_line_too_less'
  what():  Likelyhood.jar return too less lines
/src/autobc/one_experiment.sh: line 18: 11958 Aborted                 (core dumped) ${random_bin} --global ${domainfile} --bcfile ${bcfile} -8 /usr/bin/java -6 /jdk-16/bin/java -k 100 -t 100 --likelyhood /src/autobc/Lasso-BC/likelyhood.jar --modelcounting /src/autobc/jar/modelcounting.jar --nuxmv /src/autobc/bin/nuXmv-2.0.0-Linux --output ${random_result_file}
terminate called after throwing an instance of 'autobc::output_line_too_less'
  what():  Likelyhood.jar return too less lines
/src/autobc/one_experiment.sh: line 18: 12047 Aborted                 (core dumped) ${ref_bin} --global ${domainfile} --bcfile ${bcfile} -8 /usr/bin/java -6 /jdk-16/bin/java -k 100 -t 100 --likelyhood /src/autobc/Lasso-BC/likelyhood.jar --modelcounting /src/autobc/jar/modelcounting.jar --nuxmv /src/autobc/bin/nuXmv-2.0.0-Linux --output ${ref_result_file}
No Bc Found. Abort
/src/autobc/one_experiment.sh: line 18: 12609 Aborted                 (core dumped) ${random_bin} --global ${domainfile} --bcfile ${bcfile} -8 /usr/bin/java -6 /jdk-16/bin/java -k 100 -t 100 --likelyhood /src/autobc/Lasso-BC/likelyhood.jar --modelcounting /src/autobc/jar/modelcounting.jar --nuxmv /src/autobc/bin/nuXmv-2.0.0-Linux --output ${random_result_file}
No Bc Found. Abort
/src/autobc/one_experiment.sh: line 18: 12956 Aborted                 (core dumped) ${ref_bin} --global ${domainfile} --bcfile ${bcfile} -8 /usr/bin/java -6 /jdk-16/bin/java -k 100 -t 100 --likelyhood /src/autobc/Lasso-BC/likelyhood.jar --modelcounting /src/autobc/jar/modelcounting.jar --nuxmv /src/autobc/bin/nuXmv-2.0.0-Linux --output ${ref_result_file}
No Bc Found. Abort
/src/autobc/one_experiment.sh: line 18: 13180 Aborted                 (core dumped) ${ref_bin} --global ${domainfile} --bcfile ${bcfile} -8 /usr/bin/java -6 /jdk-16/bin/java -k 100 -t 100 --likelyhood /src/autobc/Lasso-BC/likelyhood.jar --modelcounting /src/autobc/jar/modelcounting.jar --nuxmv /src/autobc/bin/nuXmv-2.0.0-Linux --output ${ref_result_file}
No Bc Found. Abort
/src/autobc/one_experiment.sh: line 18: 13238 Aborted                 (core dumped) ${random_bin} --global ${domainfile} --bcfile ${bcfile} -8 /usr/bin/java -6 /jdk-16/bin/java -k 100 -t 100 --likelyhood /src/autobc/Lasso-BC/likelyhood.jar --modelcounting /src/autobc/jar/modelcounting.jar --nuxmv /src/autobc/bin/nuXmv-2.0.0-Linux --output ${random_result_file}
terminate called after throwing an instance of 'autobc::output_line_too_less'
  what():  Likelyhood.jar return too less lines
/src/autobc/one_experiment.sh: line 18: 12800 Aborted                 (core dumped) ${random_bin} --global ${domainfile} --bcfile ${bcfile} -8 /usr/bin/java -6 /jdk-16/bin/java -k 100 -t 100 --likelyhood /src/autobc/Lasso-BC/likelyhood.jar --modelcounting /src/autobc/jar/modelcounting.jar --nuxmv /src/autobc/bin/nuXmv-2.0.0-Linux --output ${random_result_file}
No Bc Found. Abort
No Bc Found. Abort
/src/autobc/one_experiment.sh: line 18: 13386 Aborted                 (core dumped) ${ref_bin} --global ${domainfile} --bcfile ${bcfile} -8 /usr/bin/java -6 /jdk-16/bin/java -k 100 -t 100 --likelyhood /src/autobc/Lasso-BC/likelyhood.jar --modelcounting /src/autobc/jar/modelcounting.jar --nuxmv /src/autobc/bin/nuXmv-2.0.0-Linux --output ${ref_result_file}
/src/autobc/one_experiment.sh: line 18: 13388 Aborted                 (core dumped) ${random_bin} --global ${domainfile} --bcfile ${bcfile} -8 /usr/bin/java -6 /jdk-16/bin/java -k 100 -t 100 --likelyhood /src/autobc/Lasso-BC/likelyhood.jar --modelcounting /src/autobc/jar/modelcounting.jar --nuxmv /src/autobc/bin/nuXmv-2.0.0-Linux --output ${random_result_file}
No Bc Found. Abort
/src/autobc/one_experiment.sh: line 18: 13520 Aborted                 (core dumped) ${random_bin} --global ${domainfile} --bcfile ${bcfile} -8 /usr/bin/java -6 /jdk-16/bin/java -k 100 -t 100 --likelyhood /src/autobc/Lasso-BC/likelyhood.jar --modelcounting /src/autobc/jar/modelcounting.jar --nuxmv /src/autobc/bin/nuXmv-2.0.0-Linux --output ${random_result_file}
No Bc Found. Abort
/src/autobc/one_experiment.sh: line 18: 13787 Aborted                 (core dumped) ${ref_bin} --global ${domainfile} --bcfile ${bcfile} -8 /usr/bin/java -6 /jdk-16/bin/java -k 100 -t 100 --likelyhood /src/autobc/Lasso-BC/likelyhood.jar --modelcounting /src/autobc/jar/modelcounting.jar --nuxmv /src/autobc/bin/nuXmv-2.0.0-Linux --output ${ref_result_file}
terminate called after throwing an instance of 'autobc::output_line_too_less'
  what():  Likelyhood.jar return too less lines
/src/autobc/one_experiment.sh: line 18: 13851 Aborted                 (core dumped) ${ref_bin} --global ${domainfile} --bcfile ${bcfile} -8 /usr/bin/java -6 /jdk-16/bin/java -k 100 -t 100 --likelyhood /src/autobc/Lasso-BC/likelyhood.jar --modelcounting /src/autobc/jar/modelcounting.jar --nuxmv /src/autobc/bin/nuXmv-2.0.0-Linux --output ${ref_result_file}
No Bc Found. Abort
/src/autobc/one_experiment.sh: line 18: 13967 Aborted                 (core dumped) ${random_bin} --global ${domainfile} --bcfile ${bcfile} -8 /usr/bin/java -6 /jdk-16/bin/java -k 100 -t 100 --likelyhood /src/autobc/Lasso-BC/likelyhood.jar --modelcounting /src/autobc/jar/modelcounting.jar --nuxmv /src/autobc/bin/nuXmv-2.0.0-Linux --output ${random_result_file}
No Bc Found. Abort
/src/autobc/one_experiment.sh: line 18: 14088 Aborted                 (core dumped) ${ref_bin} --global ${domainfile} --bcfile ${bcfile} -8 /usr/bin/java -6 /jdk-16/bin/java -k 100 -t 100 --likelyhood /src/autobc/Lasso-BC/likelyhood.jar --modelcounting /src/autobc/jar/modelcounting.jar --nuxmv /src/autobc/bin/nuXmv-2.0.0-Linux --output ${ref_result_file}
No Bc Found. Abort
/src/autobc/one_experiment.sh: line 18: 14277 Aborted                 (core dumped) ${random_bin} --global ${domainfile} --bcfile ${bcfile} -8 /usr/bin/java -6 /jdk-16/bin/java -k 100 -t 100 --likelyhood /src/autobc/Lasso-BC/likelyhood.jar --modelcounting /src/autobc/jar/modelcounting.jar --nuxmv /src/autobc/bin/nuXmv-2.0.0-Linux --output ${random_result_file}
terminate called after throwing an instance of 'autobc::output_line_too_less'
  what():  Likelyhood.jar return too less lines
/src/autobc/one_experiment.sh: line 18: 14685 Aborted                 (core dumped) ${ref_bin} --global ${domainfile} --bcfile ${bcfile} -8 /usr/bin/java -6 /jdk-16/bin/java -k 100 -t 100 --likelyhood /src/autobc/Lasso-BC/likelyhood.jar --modelcounting /src/autobc/jar/modelcounting.jar --nuxmv /src/autobc/bin/nuXmv-2.0.0-Linux --output ${ref_result_file}
No Bc Found. Abort
/src/autobc/one_experiment.sh: line 18: 15227 Aborted                 (core dumped) ${ref_bin} --global ${domainfile} --bcfile ${bcfile} -8 /usr/bin/java -6 /jdk-16/bin/java -k 100 -t 100 --likelyhood /src/autobc/Lasso-BC/likelyhood.jar --modelcounting /src/autobc/jar/modelcounting.jar --nuxmv /src/autobc/bin/nuXmv-2.0.0-Linux --output ${ref_result_file}
No Bc Found. Abort
/src/autobc/one_experiment.sh: line 18: 15525 Aborted                 (core dumped) ${random_bin} --global ${domainfile} --bcfile ${bcfile} -8 /usr/bin/java -6 /jdk-16/bin/java -k 100 -t 100 --likelyhood /src/autobc/Lasso-BC/likelyhood.jar --modelcounting /src/autobc/jar/modelcounting.jar --nuxmv /src/autobc/bin/nuXmv-2.0.0-Linux --output ${random_result_file}
No Bc Found. Abort
/src/autobc/one_experiment.sh: line 18: 16298 Aborted                 (core dumped) ${ref_bin} --global ${domainfile} --bcfile ${bcfile} -8 /usr/bin/java -6 /jdk-16/bin/java -k 100 -t 100 --likelyhood /src/autobc/Lasso-BC/likelyhood.jar --modelcounting /src/autobc/jar/modelcounting.jar --nuxmv /src/autobc/bin/nuXmv-2.0.0-Linux --output ${ref_result_file}
No Bc Found. Abort
/src/autobc/one_experiment.sh: line 18: 16566 Aborted                 (core dumped) ${random_bin} --global ${domainfile} --bcfile ${bcfile} -8 /usr/bin/java -6 /jdk-16/bin/java -k 100 -t 100 --likelyhood /src/autobc/Lasso-BC/likelyhood.jar --modelcounting /src/autobc/jar/modelcounting.jar --nuxmv /src/autobc/bin/nuXmv-2.0.0-Linux --output ${random_result_file}
terminate called after throwing an instance of 'autobc::output_line_format_error'
  what():  Line Format Unknown
/src/autobc/one_experiment.sh: line 18: 16241 Aborted                 (core dumped) ${random_bin} --global ${domainfile} --bcfile ${bcfile} -8 /usr/bin/java -6 /jdk-16/bin/java -k 100 -t 100 --likelyhood /src/autobc/Lasso-BC/likelyhood.jar --modelcounting /src/autobc/jar/modelcounting.jar --nuxmv /src/autobc/bin/nuXmv-2.0.0-Linux --output ${random_result_file}
No Bc Found. Abort
/src/autobc/one_experiment.sh: line 18: 17694 Aborted                 (core dumped) ${ref_bin} --global ${domainfile} --bcfile ${bcfile} -8 /usr/bin/java -6 /jdk-16/bin/java -k 100 -t 100 --likelyhood /src/autobc/Lasso-BC/likelyhood.jar --modelcounting /src/autobc/jar/modelcounting.jar --nuxmv /src/autobc/bin/nuXmv-2.0.0-Linux --output ${ref_result_file}
No Bc Found. Abort
/src/autobc/one_experiment.sh: line 18: 18061 Aborted                 (core dumped) ${random_bin} --global ${domainfile} --bcfile ${bcfile} -8 /usr/bin/java -6 /jdk-16/bin/java -k 100 -t 100 --likelyhood /src/autobc/Lasso-BC/likelyhood.jar --modelcounting /src/autobc/jar/modelcounting.jar --nuxmv /src/autobc/bin/nuXmv-2.0.0-Linux --output ${random_result_file}
No Bc Found. Abort
/src/autobc/one_experiment.sh: line 18: 19101 Aborted                 (core dumped) ${ref_bin} --global ${domainfile} --bcfile ${bcfile} -8 /usr/bin/java -6 /jdk-16/bin/java -k 100 -t 100 --likelyhood /src/autobc/Lasso-BC/likelyhood.jar --modelcounting /src/autobc/jar/modelcounting.jar --nuxmv /src/autobc/bin/nuXmv-2.0.0-Linux --output ${ref_result_file}
No Bc Found. Abort
/src/autobc/one_experiment.sh: line 18: 19433 Aborted                 (core dumped) ${random_bin} --global ${domainfile} --bcfile ${bcfile} -8 /usr/bin/java -6 /jdk-16/bin/java -k 100 -t 100 --likelyhood /src/autobc/Lasso-BC/likelyhood.jar --modelcounting /src/autobc/jar/modelcounting.jar --nuxmv /src/autobc/bin/nuXmv-2.0.0-Linux --output ${random_result_file}
No Bc Found. Abort
/src/autobc/one_experiment.sh: line 18: 20524 Aborted                 (core dumped) ${ref_bin} --global ${domainfile} --bcfile ${bcfile} -8 /usr/bin/java -6 /jdk-16/bin/java -k 100 -t 100 --likelyhood /src/autobc/Lasso-BC/likelyhood.jar --modelcounting /src/autobc/jar/modelcounting.jar --nuxmv /src/autobc/bin/nuXmv-2.0.0-Linux --output ${ref_result_file}
No Bc Found. Abort
/src/autobc/one_experiment.sh: line 18: 21045 Aborted                 (core dumped) ${random_bin} --global ${domainfile} --bcfile ${bcfile} -8 /usr/bin/java -6 /jdk-16/bin/java -k 100 -t 100 --likelyhood /src/autobc/Lasso-BC/likelyhood.jar --modelcounting /src/autobc/jar/modelcounting.jar --nuxmv /src/autobc/bin/nuXmv-2.0.0-Linux --output ${random_result_file}
No Bc Found. Abort
/src/autobc/one_experiment.sh: line 18: 22108 Aborted                 (core dumped) ${ref_bin} --global ${domainfile} --bcfile ${bcfile} -8 /usr/bin/java -6 /jdk-16/bin/java -k 100 -t 100 --likelyhood /src/autobc/Lasso-BC/likelyhood.jar --modelcounting /src/autobc/jar/modelcounting.jar --nuxmv /src/autobc/bin/nuXmv-2.0.0-Linux --output ${ref_result_file}
No Bc Found. Abort
/src/autobc/one_experiment.sh: line 18: 22640 Aborted                 (core dumped) ${random_bin} --global ${domainfile} --bcfile ${bcfile} -8 /usr/bin/java -6 /jdk-16/bin/java -k 100 -t 100 --likelyhood /src/autobc/Lasso-BC/likelyhood.jar --modelcounting /src/autobc/jar/modelcounting.jar --nuxmv /src/autobc/bin/nuXmv-2.0.0-Linux --output ${random_result_file}
No Bc Found. Abort
/src/autobc/one_experiment.sh: line 18: 17757 Aborted                 (core dumped) ${ref_bin} --global ${domainfile} --bcfile ${bcfile} -8 /usr/bin/java -6 /jdk-16/bin/java -k 100 -t 100 --likelyhood /src/autobc/Lasso-BC/likelyhood.jar --modelcounting /src/autobc/jar/modelcounting.jar --nuxmv /src/autobc/bin/nuXmv-2.0.0-Linux --output ${ref_result_file}
No Bc Found. Abort
/src/autobc/one_experiment.sh: line 18: 17920 Aborted                 (core dumped) ${random_bin} --global ${domainfile} --bcfile ${bcfile} -8 /usr/bin/java -6 /jdk-16/bin/java -k 100 -t 100 --likelyhood /src/autobc/Lasso-BC/likelyhood.jar --modelcounting /src/autobc/jar/modelcounting.jar --nuxmv /src/autobc/bin/nuXmv-2.0.0-Linux --output ${random_result_file}
No Bc Found. Abort
/src/autobc/one_experiment.sh: line 18: 18468 Aborted                 (core dumped) ${ref_bin} --global ${domainfile} --bcfile ${bcfile} -8 /usr/bin/java -6 /jdk-16/bin/java -k 100 -t 100 --likelyhood /src/autobc/Lasso-BC/likelyhood.jar --modelcounting /src/autobc/jar/modelcounting.jar --nuxmv /src/autobc/bin/nuXmv-2.0.0-Linux --output ${ref_result_file}
No Bc Found. Abort
/src/autobc/one_experiment.sh: line 18: 18649 Aborted                 (core dumped) ${random_bin} --global ${domainfile} --bcfile ${bcfile} -8 /usr/bin/java -6 /jdk-16/bin/java -k 100 -t 100 --likelyhood /src/autobc/Lasso-BC/likelyhood.jar --modelcounting /src/autobc/jar/modelcounting.jar --nuxmv /src/autobc/bin/nuXmv-2.0.0-Linux --output ${random_result_file}
No Bc Found. Abort
/src/autobc/one_experiment.sh: line 18:  6259 Aborted                 (core dumped) ${ref_bin} --global ${domainfile} --bcfile ${bcfile} -8 /usr/bin/java -6 /jdk-16/bin/java -k 100 -t 100 --likelyhood /src/autobc/Lasso-BC/likelyhood.jar --modelcounting /src/autobc/jar/modelcounting.jar --nuxmv /src/autobc/bin/nuXmv-2.0.0-Linux --output ${ref_result_file}
No Bc Found. Abort
/src/autobc/one_experiment.sh: line 18:  6449 Aborted                 (core dumped) ${random_bin} --global ${domainfile} --bcfile ${bcfile} -8 /usr/bin/java -6 /jdk-16/bin/java -k 100 -t 100 --likelyhood /src/autobc/Lasso-BC/likelyhood.jar --modelcounting /src/autobc/jar/modelcounting.jar --nuxmv /src/autobc/bin/nuXmv-2.0.0-Linux --output ${random_result_file}
No Bc Found. Abort
/src/autobc/one_experiment.sh: line 18:  6959 Aborted                 (core dumped) ${ref_bin} --global ${domainfile} --bcfile ${bcfile} -8 /usr/bin/java -6 /jdk-16/bin/java -k 100 -t 100 --likelyhood /src/autobc/Lasso-BC/likelyhood.jar --modelcounting /src/autobc/jar/modelcounting.jar --nuxmv /src/autobc/bin/nuXmv-2.0.0-Linux --output ${ref_result_file}
No Bc Found. Abort
/src/autobc/one_experiment.sh: line 18:  7152 Aborted                 (core dumped) ${random_bin} --global ${domainfile} --bcfile ${bcfile} -8 /usr/bin/java -6 /jdk-16/bin/java -k 100 -t 100 --likelyhood /src/autobc/Lasso-BC/likelyhood.jar --modelcounting /src/autobc/jar/modelcounting.jar --nuxmv /src/autobc/bin/nuXmv-2.0.0-Linux --output ${random_result_file}
No Bc Found. Abort
/src/autobc/one_experiment.sh: line 18:  7681 Aborted                 (core dumped) ${ref_bin} --global ${domainfile} --bcfile ${bcfile} -8 /usr/bin/java -6 /jdk-16/bin/java -k 100 -t 100 --likelyhood /src/autobc/Lasso-BC/likelyhood.jar --modelcounting /src/autobc/jar/modelcounting.jar --nuxmv /src/autobc/bin/nuXmv-2.0.0-Linux --output ${ref_result_file}
No Bc Found. Abort
/src/autobc/one_experiment.sh: line 18:  7818 Aborted                 (core dumped) ${random_bin} --global ${domainfile} --bcfile ${bcfile} -8 /usr/bin/java -6 /jdk-16/bin/java -k 100 -t 100 --likelyhood /src/autobc/Lasso-BC/likelyhood.jar --modelcounting /src/autobc/jar/modelcounting.jar --nuxmv /src/autobc/bin/nuXmv-2.0.0-Linux --output ${random_result_file}
No Bc Found. Abort
/src/autobc/one_experiment.sh: line 18: 18632 Aborted                 (core dumped) ${ref_bin} --global ${domainfile} --bcfile ${bcfile} -8 /usr/bin/java -6 /jdk-16/bin/java -k 100 -t 100 --likelyhood /src/autobc/Lasso-BC/likelyhood.jar --modelcounting /src/autobc/jar/modelcounting.jar --nuxmv /src/autobc/bin/nuXmv-2.0.0-Linux --output ${ref_result_file}
No Bc Found. Abort
/src/autobc/one_experiment.sh: line 18: 18991 Aborted                 (core dumped) ${random_bin} --global ${domainfile} --bcfile ${bcfile} -8 /usr/bin/java -6 /jdk-16/bin/java -k 100 -t 100 --likelyhood /src/autobc/Lasso-BC/likelyhood.jar --modelcounting /src/autobc/jar/modelcounting.jar --nuxmv /src/autobc/bin/nuXmv-2.0.0-Linux --output ${random_result_file}
No Bc Found. Abort
/src/autobc/one_experiment.sh: line 18: 19704 Aborted                 (core dumped) ${ref_bin} --global ${domainfile} --bcfile ${bcfile} -8 /usr/bin/java -6 /jdk-16/bin/java -k 100 -t 100 --likelyhood /src/autobc/Lasso-BC/likelyhood.jar --modelcounting /src/autobc/jar/modelcounting.jar --nuxmv /src/autobc/bin/nuXmv-2.0.0-Linux --output ${ref_result_file}
No Bc Found. Abort
/src/autobc/one_experiment.sh: line 18: 20023 Aborted                 (core dumped) ${random_bin} --global ${domainfile} --bcfile ${bcfile} -8 /usr/bin/java -6 /jdk-16/bin/java -k 100 -t 100 --likelyhood /src/autobc/Lasso-BC/likelyhood.jar --modelcounting /src/autobc/jar/modelcounting.jar --nuxmv /src/autobc/bin/nuXmv-2.0.0-Linux --output ${random_result_file}
terminate called after throwing an instance of 'autobc::output_line_too_less'
  what():  Likelyhood.jar return too less lines
/src/autobc/one_experiment.sh: line 18: 28098 Aborted                 (core dumped) ${ref_bin} --global ${domainfile} --bcfile ${bcfile} -8 /usr/bin/java -6 /jdk-16/bin/java -k 100 -t 100 --likelyhood /src/autobc/Lasso-BC/likelyhood.jar --modelcounting /src/autobc/jar/modelcounting.jar --nuxmv /src/autobc/bin/nuXmv-2.0.0-Linux --output ${ref_result_file}
terminate called after throwing an instance of 'autobc::output_line_too_less'
  what():  Likelyhood.jar return too less lines
/src/autobc/one_experiment.sh: line 18: 31978 Aborted                 (core dumped) ${ref_bin} --global ${domainfile} --bcfile ${bcfile} -8 /usr/bin/java -6 /jdk-16/bin/java -k 100 -t 100 --likelyhood /src/autobc/Lasso-BC/likelyhood.jar --modelcounting /src/autobc/jar/modelcounting.jar --nuxmv /src/autobc/bin/nuXmv-2.0.0-Linux --output ${ref_result_file}
No Bc Found. Abort
/src/autobc/one_experiment.sh: line 18:  7732 Aborted                 (core dumped) ${ref_bin} --global ${domainfile} --bcfile ${bcfile} -8 /usr/bin/java -6 /jdk-16/bin/java -k 100 -t 100 --likelyhood /src/autobc/Lasso-BC/likelyhood.jar --modelcounting /src/autobc/jar/modelcounting.jar --nuxmv /src/autobc/bin/nuXmv-2.0.0-Linux --output ${ref_result_file}
No Bc Found. Abort
/src/autobc/one_experiment.sh: line 18:  7951 Aborted                 (core dumped) ${random_bin} --global ${domainfile} --bcfile ${bcfile} -8 /usr/bin/java -6 /jdk-16/bin/java -k 100 -t 100 --likelyhood /src/autobc/Lasso-BC/likelyhood.jar --modelcounting /src/autobc/jar/modelcounting.jar --nuxmv /src/autobc/bin/nuXmv-2.0.0-Linux --output ${random_result_file}
No Bc Found. Abort
/src/autobc/one_experiment.sh: line 18:  8510 Aborted                 (core dumped) ${ref_bin} --global ${domainfile} --bcfile ${bcfile} -8 /usr/bin/java -6 /jdk-16/bin/java -k 100 -t 100 --likelyhood /src/autobc/Lasso-BC/likelyhood.jar --modelcounting /src/autobc/jar/modelcounting.jar --nuxmv /src/autobc/bin/nuXmv-2.0.0-Linux --output ${ref_result_file}
No Bc Found. Abort
/src/autobc/one_experiment.sh: line 18:  8750 Aborted                 (core dumped) ${random_bin} --global ${domainfile} --bcfile ${bcfile} -8 /usr/bin/java -6 /jdk-16/bin/java -k 100 -t 100 --likelyhood /src/autobc/Lasso-BC/likelyhood.jar --modelcounting /src/autobc/jar/modelcounting.jar --nuxmv /src/autobc/bin/nuXmv-2.0.0-Linux --output ${random_result_file}
terminate called after throwing an instance of 'autobc::output_line_too_less'
  what():  Likelyhood.jar return too less lines
/src/autobc/one_experiment.sh: line 18:  5540 Aborted                 (core dumped) ${random_bin} --global ${domainfile} --bcfile ${bcfile} -8 /usr/bin/java -6 /jdk-16/bin/java -k 100 -t 100 --likelyhood /src/autobc/Lasso-BC/likelyhood.jar --modelcounting /src/autobc/jar/modelcounting.jar --nuxmv /src/autobc/bin/nuXmv-2.0.0-Linux --output ${random_result_file}
terminate called after throwing an instance of 'autobc::output_line_too_less'
  what():  Likelyhood.jar return too less lines
/src/autobc/one_experiment.sh: line 18: 29534 Aborted                 (core dumped) ${ref_bin} --global ${domainfile} --bcfile ${bcfile} -8 /usr/bin/java -6 /jdk-16/bin/java -k 100 -t 100 --likelyhood /src/autobc/Lasso-BC/likelyhood.jar --modelcounting /src/autobc/jar/modelcounting.jar --nuxmv /src/autobc/bin/nuXmv-2.0.0-Linux --output ${ref_result_file}
terminate called after throwing an instance of 'autobc::output_line_too_less'
  what():  Likelyhood.jar return too less lines
/src/autobc/one_experiment.sh: line 18: 29863 Aborted                 (core dumped) ${random_bin} --global ${domainfile} --bcfile ${bcfile} -8 /usr/bin/java -6 /jdk-16/bin/java -k 100 -t 100 --likelyhood /src/autobc/Lasso-BC/likelyhood.jar --modelcounting /src/autobc/jar/modelcounting.jar --nuxmv /src/autobc/bin/nuXmv-2.0.0-Linux --output ${random_result_file}
No Bc Found. Abort
/src/autobc/one_experiment.sh: line 18: 32509 Aborted                 (core dumped) ${ref_bin} --global ${domainfile} --bcfile ${bcfile} -8 /usr/bin/java -6 /jdk-16/bin/java -k 100 -t 100 --likelyhood /src/autobc/Lasso-BC/likelyhood.jar --modelcounting /src/autobc/jar/modelcounting.jar --nuxmv /src/autobc/bin/nuXmv-2.0.0-Linux --output ${ref_result_file}
No Bc Found. Abort
/src/autobc/one_experiment.sh: line 18:   377 Aborted                 (core dumped) ${random_bin} --global ${domainfile} --bcfile ${bcfile} -8 /usr/bin/java -6 /jdk-16/bin/java -k 100 -t 100 --likelyhood /src/autobc/Lasso-BC/likelyhood.jar --modelcounting /src/autobc/jar/modelcounting.jar --nuxmv /src/autobc/bin/nuXmv-2.0.0-Linux --output ${random_result_file}
No Bc Found. Abort
/src/autobc/one_experiment.sh: line 18: 17458 Aborted                 (core dumped) ${ref_bin} --global ${domainfile} --bcfile ${bcfile} -8 /usr/bin/java -6 /jdk-16/bin/java -k 100 -t 100 --likelyhood /src/autobc/Lasso-BC/likelyhood.jar --modelcounting /src/autobc/jar/modelcounting.jar --nuxmv /src/autobc/bin/nuXmv-2.0.0-Linux --output ${ref_result_file}
No Bc Found. Abort
/src/autobc/one_experiment.sh: line 18: 17697 Aborted                 (core dumped) ${random_bin} --global ${domainfile} --bcfile ${bcfile} -8 /usr/bin/java -6 /jdk-16/bin/java -k 100 -t 100 --likelyhood /src/autobc/Lasso-BC/likelyhood.jar --modelcounting /src/autobc/jar/modelcounting.jar --nuxmv /src/autobc/bin/nuXmv-2.0.0-Linux --output ${random_result_file}
No Bc Found. Abort
/src/autobc/one_experiment.sh: line 18: 18817 Aborted                 (core dumped) ${ref_bin} --global ${domainfile} --bcfile ${bcfile} -8 /usr/bin/java -6 /jdk-16/bin/java -k 100 -t 100 --likelyhood /src/autobc/Lasso-BC/likelyhood.jar --modelcounting /src/autobc/jar/modelcounting.jar --nuxmv /src/autobc/bin/nuXmv-2.0.0-Linux --output ${ref_result_file}
No Bc Found. Abort
/src/autobc/one_experiment.sh: line 18: 19061 Aborted                 (core dumped) ${random_bin} --global ${domainfile} --bcfile ${bcfile} -8 /usr/bin/java -6 /jdk-16/bin/java -k 100 -t 100 --likelyhood /src/autobc/Lasso-BC/likelyhood.jar --modelcounting /src/autobc/jar/modelcounting.jar --nuxmv /src/autobc/bin/nuXmv-2.0.0-Linux --output ${random_result_file}
No Bc Found. Abort
/src/autobc/one_experiment.sh: line 18: 10944 Aborted                 (core dumped) ${ref_bin} --global ${domainfile} --bcfile ${bcfile} -8 /usr/bin/java -6 /jdk-16/bin/java -k 100 -t 100 --likelyhood /src/autobc/Lasso-BC/likelyhood.jar --modelcounting /src/autobc/jar/modelcounting.jar --nuxmv /src/autobc/bin/nuXmv-2.0.0-Linux --output ${ref_result_file}
No Bc Found. Abort
/src/autobc/one_experiment.sh: line 18: 11105 Aborted                 (core dumped) ${random_bin} --global ${domainfile} --bcfile ${bcfile} -8 /usr/bin/java -6 /jdk-16/bin/java -k 100 -t 100 --likelyhood /src/autobc/Lasso-BC/likelyhood.jar --modelcounting /src/autobc/jar/modelcounting.jar --nuxmv /src/autobc/bin/nuXmv-2.0.0-Linux --output ${random_result_file}
No Bc Found. Abort
/src/autobc/one_experiment.sh: line 18: 11690 Aborted                 (core dumped) ${ref_bin} --global ${domainfile} --bcfile ${bcfile} -8 /usr/bin/java -6 /jdk-16/bin/java -k 100 -t 100 --likelyhood /src/autobc/Lasso-BC/likelyhood.jar --modelcounting /src/autobc/jar/modelcounting.jar --nuxmv /src/autobc/bin/nuXmv-2.0.0-Linux --output ${ref_result_file}
No Bc Found. Abort
/src/autobc/one_experiment.sh: line 18: 11822 Aborted                 (core dumped) ${random_bin} --global ${domainfile} --bcfile ${bcfile} -8 /usr/bin/java -6 /jdk-16/bin/java -k 100 -t 100 --likelyhood /src/autobc/Lasso-BC/likelyhood.jar --modelcounting /src/autobc/jar/modelcounting.jar --nuxmv /src/autobc/bin/nuXmv-2.0.0-Linux --output ${random_result_file}
terminate called after throwing an instance of 'autobc::output_line_too_less'
  what():  Likelyhood.jar return too less lines
/src/autobc/one_experiment.sh: line 18: 16416 Aborted                 (core dumped) ${ref_bin} --global ${domainfile} --bcfile ${bcfile} -8 /usr/bin/java -6 /jdk-16/bin/java -k 100 -t 100 --likelyhood /src/autobc/Lasso-BC/likelyhood.jar --modelcounting /src/autobc/jar/modelcounting.jar --nuxmv /src/autobc/bin/nuXmv-2.0.0-Linux --output ${ref_result_file}
terminate called after throwing an instance of 'autobc::output_line_too_less'
  what():  Likelyhood.jar return too less lines
/src/autobc/one_experiment.sh: line 18:  9635 Aborted                 (core dumped) ${ref_bin} --global ${domainfile} --bcfile ${bcfile} -8 /usr/bin/java -6 /jdk-16/bin/java -k 100 -t 100 --likelyhood /src/autobc/Lasso-BC/likelyhood.jar --modelcounting /src/autobc/jar/modelcounting.jar --nuxmv /src/autobc/bin/nuXmv-2.0.0-Linux --output ${ref_result_file}
terminate called after throwing an instance of 'autobc::output_line_too_less'
  what():  Likelyhood.jar return too less lines
/src/autobc/one_experiment.sh: line 18:  9925 Aborted                 (core dumped) ${random_bin} --global ${domainfile} --bcfile ${bcfile} -8 /usr/bin/java -6 /jdk-16/bin/java -k 100 -t 100 --likelyhood /src/autobc/Lasso-BC/likelyhood.jar --modelcounting /src/autobc/jar/modelcounting.jar --nuxmv /src/autobc/bin/nuXmv-2.0.0-Linux --output ${random_result_file}
No Bc Found. Abort
/src/autobc/one_experiment.sh: line 18: 32474 Aborted                 (core dumped) ${ref_bin} --global ${domainfile} --bcfile ${bcfile} -8 /usr/bin/java -6 /jdk-16/bin/java -k 100 -t 100 --likelyhood /src/autobc/Lasso-BC/likelyhood.jar --modelcounting /src/autobc/jar/modelcounting.jar --nuxmv /src/autobc/bin/nuXmv-2.0.0-Linux --output ${ref_result_file}
No Bc Found. Abort
/src/autobc/one_experiment.sh: line 18: 32623 Aborted                 (core dumped) ${random_bin} --global ${domainfile} --bcfile ${bcfile} -8 /usr/bin/java -6 /jdk-16/bin/java -k 100 -t 100 --likelyhood /src/autobc/Lasso-BC/likelyhood.jar --modelcounting /src/autobc/jar/modelcounting.jar --nuxmv /src/autobc/bin/nuXmv-2.0.0-Linux --output ${random_result_file}
No Bc Found. Abort
/src/autobc/one_experiment.sh: line 18: 23182 Aborted                 (core dumped) ${ref_bin} --global ${domainfile} --bcfile ${bcfile} -8 /usr/bin/java -6 /jdk-16/bin/java -k 100 -t 100 --likelyhood /src/autobc/Lasso-BC/likelyhood.jar --modelcounting /src/autobc/jar/modelcounting.jar --nuxmv /src/autobc/bin/nuXmv-2.0.0-Linux --output ${ref_result_file}
No Bc Found. Abort
/src/autobc/one_experiment.sh: line 18: 23417 Aborted                 (core dumped) ${random_bin} --global ${domainfile} --bcfile ${bcfile} -8 /usr/bin/java -6 /jdk-16/bin/java -k 100 -t 100 --likelyhood /src/autobc/Lasso-BC/likelyhood.jar --modelcounting /src/autobc/jar/modelcounting.jar --nuxmv /src/autobc/bin/nuXmv-2.0.0-Linux --output ${random_result_file}
No Bc Found. Abort
/src/autobc/one_experiment.sh: line 18: 23812 Aborted                 (core dumped) ${ref_bin} --global ${domainfile} --bcfile ${bcfile} -8 /usr/bin/java -6 /jdk-16/bin/java -k 100 -t 100 --likelyhood /src/autobc/Lasso-BC/likelyhood.jar --modelcounting /src/autobc/jar/modelcounting.jar --nuxmv /src/autobc/bin/nuXmv-2.0.0-Linux --output ${ref_result_file}
No Bc Found. Abort
/src/autobc/one_experiment.sh: line 18: 24051 Aborted                 (core dumped) ${random_bin} --global ${domainfile} --bcfile ${bcfile} -8 /usr/bin/java -6 /jdk-16/bin/java -k 100 -t 100 --likelyhood /src/autobc/Lasso-BC/likelyhood.jar --modelcounting /src/autobc/jar/modelcounting.jar --nuxmv /src/autobc/bin/nuXmv-2.0.0-Linux --output ${random_result_file}
No Bc Found. Abort
/src/autobc/one_experiment.sh: line 18: 14993 Aborted                 (core dumped) ${ref_bin} --global ${domainfile} --bcfile ${bcfile} -8 /usr/bin/java -6 /jdk-16/bin/java -k 100 -t 100 --likelyhood /src/autobc/Lasso-BC/likelyhood.jar --modelcounting /src/autobc/jar/modelcounting.jar --nuxmv /src/autobc/bin/nuXmv-2.0.0-Linux --output ${ref_result_file}
No Bc Found. Abort
/src/autobc/one_experiment.sh: line 18: 15182 Aborted                 (core dumped) ${random_bin} --global ${domainfile} --bcfile ${bcfile} -8 /usr/bin/java -6 /jdk-16/bin/java -k 100 -t 100 --likelyhood /src/autobc/Lasso-BC/likelyhood.jar --modelcounting /src/autobc/jar/modelcounting.jar --nuxmv /src/autobc/bin/nuXmv-2.0.0-Linux --output ${random_result_file}
No Bc Found. Abort
/src/autobc/one_experiment.sh: line 18: 22116 Aborted                 (core dumped) ${ref_bin} --global ${domainfile} --bcfile ${bcfile} -8 /usr/bin/java -6 /jdk-16/bin/java -k 100 -t 100 --likelyhood /src/autobc/Lasso-BC/likelyhood.jar --modelcounting /src/autobc/jar/modelcounting.jar --nuxmv /src/autobc/bin/nuXmv-2.0.0-Linux --output ${ref_result_file}
No Bc Found. Abort
/src/autobc/one_experiment.sh: line 18: 22303 Aborted                 (core dumped) ${random_bin} --global ${domainfile} --bcfile ${bcfile} -8 /usr/bin/java -6 /jdk-16/bin/java -k 100 -t 100 --likelyhood /src/autobc/Lasso-BC/likelyhood.jar --modelcounting /src/autobc/jar/modelcounting.jar --nuxmv /src/autobc/bin/nuXmv-2.0.0-Linux --output ${random_result_file}
No Bc Found. Abort
/src/autobc/one_experiment.sh: line 18: 22764 Aborted                 (core dumped) ${ref_bin} --global ${domainfile} --bcfile ${bcfile} -8 /usr/bin/java -6 /jdk-16/bin/java -k 100 -t 100 --likelyhood /src/autobc/Lasso-BC/likelyhood.jar --modelcounting /src/autobc/jar/modelcounting.jar --nuxmv /src/autobc/bin/nuXmv-2.0.0-Linux --output ${ref_result_file}
No Bc Found. Abort
/src/autobc/one_experiment.sh: line 18: 22925 Aborted                 (core dumped) ${random_bin} --global ${domainfile} --bcfile ${bcfile} -8 /usr/bin/java -6 /jdk-16/bin/java -k 100 -t 100 --likelyhood /src/autobc/Lasso-BC/likelyhood.jar --modelcounting /src/autobc/jar/modelcounting.jar --nuxmv /src/autobc/bin/nuXmv-2.0.0-Linux --output ${random_result_file}
No Bc Found. Abort
/src/autobc/one_experiment.sh: line 18: 23456 Aborted                 (core dumped) ${ref_bin} --global ${domainfile} --bcfile ${bcfile} -8 /usr/bin/java -6 /jdk-16/bin/java -k 100 -t 100 --likelyhood /src/autobc/Lasso-BC/likelyhood.jar --modelcounting /src/autobc/jar/modelcounting.jar --nuxmv /src/autobc/bin/nuXmv-2.0.0-Linux --output ${ref_result_file}
No Bc Found. Abort
/src/autobc/one_experiment.sh: line 18: 23618 Aborted                 (core dumped) ${random_bin} --global ${domainfile} --bcfile ${bcfile} -8 /usr/bin/java -6 /jdk-16/bin/java -k 100 -t 100 --likelyhood /src/autobc/Lasso-BC/likelyhood.jar --modelcounting /src/autobc/jar/modelcounting.jar --nuxmv /src/autobc/bin/nuXmv-2.0.0-Linux --output ${random_result_file}
No Bc Found. Abort
/src/autobc/one_experiment.sh: line 18:  7336 Aborted                 (core dumped) ${ref_bin} --global ${domainfile} --bcfile ${bcfile} -8 /usr/bin/java -6 /jdk-16/bin/java -k 100 -t 100 --likelyhood /src/autobc/Lasso-BC/likelyhood.jar --modelcounting /src/autobc/jar/modelcounting.jar --nuxmv /src/autobc/bin/nuXmv-2.0.0-Linux --output ${ref_result_file}
No Bc Found. Abort
/src/autobc/one_experiment.sh: line 18:  7499 Aborted                 (core dumped) ${random_bin} --global ${domainfile} --bcfile ${bcfile} -8 /usr/bin/java -6 /jdk-16/bin/java -k 100 -t 100 --likelyhood /src/autobc/Lasso-BC/likelyhood.jar --modelcounting /src/autobc/jar/modelcounting.jar --nuxmv /src/autobc/bin/nuXmv-2.0.0-Linux --output ${random_result_file}
No Bc Found. Abort
/src/autobc/one_experiment.sh: line 18:  7973 Aborted                 (core dumped) ${ref_bin} --global ${domainfile} --bcfile ${bcfile} -8 /usr/bin/java -6 /jdk-16/bin/java -k 100 -t 100 --likelyhood /src/autobc/Lasso-BC/likelyhood.jar --modelcounting /src/autobc/jar/modelcounting.jar --nuxmv /src/autobc/bin/nuXmv-2.0.0-Linux --output ${ref_result_file}
No Bc Found. Abort
/src/autobc/one_experiment.sh: line 18:  8132 Aborted                 (core dumped) ${random_bin} --global ${domainfile} --bcfile ${bcfile} -8 /usr/bin/java -6 /jdk-16/bin/java -k 100 -t 100 --likelyhood /src/autobc/Lasso-BC/likelyhood.jar --modelcounting /src/autobc/jar/modelcounting.jar --nuxmv /src/autobc/bin/nuXmv-2.0.0-Linux --output ${random_result_file}
No Bc Found. Abort
/src/autobc/one_experiment.sh: line 18: 23818 Aborted                 (core dumped) ${ref_bin} --global ${domainfile} --bcfile ${bcfile} -8 /usr/bin/java -6 /jdk-16/bin/java -k 100 -t 100 --likelyhood /src/autobc/Lasso-BC/likelyhood.jar --modelcounting /src/autobc/jar/modelcounting.jar --nuxmv /src/autobc/bin/nuXmv-2.0.0-Linux --output ${ref_result_file}
No Bc Found. Abort
/src/autobc/one_experiment.sh: line 18: 24007 Aborted                 (core dumped) ${random_bin} --global ${domainfile} --bcfile ${bcfile} -8 /usr/bin/java -6 /jdk-16/bin/java -k 100 -t 100 --likelyhood /src/autobc/Lasso-BC/likelyhood.jar --modelcounting /src/autobc/jar/modelcounting.jar --nuxmv /src/autobc/bin/nuXmv-2.0.0-Linux --output ${random_result_file}
No Bc Found. Abort
/src/autobc/one_experiment.sh: line 18: 31315 Aborted                 (core dumped) ${ref_bin} --global ${domainfile} --bcfile ${bcfile} -8 /usr/bin/java -6 /jdk-16/bin/java -k 100 -t 100 --likelyhood /src/autobc/Lasso-BC/likelyhood.jar --modelcounting /src/autobc/jar/modelcounting.jar --nuxmv /src/autobc/bin/nuXmv-2.0.0-Linux --output ${ref_result_file}
No Bc Found. Abort
/src/autobc/one_experiment.sh: line 18: 31452 Aborted                 (core dumped) ${random_bin} --global ${domainfile} --bcfile ${bcfile} -8 /usr/bin/java -6 /jdk-16/bin/java -k 100 -t 100 --likelyhood /src/autobc/Lasso-BC/likelyhood.jar --modelcounting /src/autobc/jar/modelcounting.jar --nuxmv /src/autobc/bin/nuXmv-2.0.0-Linux --output ${random_result_file}
No Bc Found. Abort
/src/autobc/one_experiment.sh: line 18: 30169 Aborted                 (core dumped) ${ref_bin} --global ${domainfile} --bcfile ${bcfile} -8 /usr/bin/java -6 /jdk-16/bin/java -k 100 -t 100 --likelyhood /src/autobc/Lasso-BC/likelyhood.jar --modelcounting /src/autobc/jar/modelcounting.jar --nuxmv /src/autobc/bin/nuXmv-2.0.0-Linux --output ${ref_result_file}
No Bc Found. Abort
/src/autobc/one_experiment.sh: line 18: 30287 Aborted                 (core dumped) ${random_bin} --global ${domainfile} --bcfile ${bcfile} -8 /usr/bin/java -6 /jdk-16/bin/java -k 100 -t 100 --likelyhood /src/autobc/Lasso-BC/likelyhood.jar --modelcounting /src/autobc/jar/modelcounting.jar --nuxmv /src/autobc/bin/nuXmv-2.0.0-Linux --output ${random_result_file}
No Bc Found. Abort
/src/autobc/one_experiment.sh: line 18: 27005 Aborted                 (core dumped) ${ref_bin} --global ${domainfile} --bcfile ${bcfile} -8 /usr/bin/java -6 /jdk-16/bin/java -k 100 -t 100 --likelyhood /src/autobc/Lasso-BC/likelyhood.jar --modelcounting /src/autobc/jar/modelcounting.jar --nuxmv /src/autobc/bin/nuXmv-2.0.0-Linux --output ${ref_result_file}
No Bc Found. Abort
/src/autobc/one_experiment.sh: line 18: 27084 Aborted                 (core dumped) ${random_bin} --global ${domainfile} --bcfile ${bcfile} -8 /usr/bin/java -6 /jdk-16/bin/java -k 100 -t 100 --likelyhood /src/autobc/Lasso-BC/likelyhood.jar --modelcounting /src/autobc/jar/modelcounting.jar --nuxmv /src/autobc/bin/nuXmv-2.0.0-Linux --output ${random_result_file}
terminate called after throwing an instance of 'autobc::output_line_too_less'
  what():  Likelyhood.jar return too less lines
/src/autobc/one_experiment.sh: line 18: 14176 Aborted                 (core dumped) ${ref_bin} --global ${domainfile} --bcfile ${bcfile} -8 /usr/bin/java -6 /jdk-16/bin/java -k 100 -t 100 --likelyhood /src/autobc/Lasso-BC/likelyhood.jar --modelcounting /src/autobc/jar/modelcounting.jar --nuxmv /src/autobc/bin/nuXmv-2.0.0-Linux --output ${ref_result_file}
terminate called after throwing an instance of 'autobc::output_line_too_less'
  what():  Likelyhood.jar return too less lines
/src/autobc/one_experiment.sh: line 18: 14237 Aborted                 (core dumped) ${random_bin} --global ${domainfile} --bcfile ${bcfile} -8 /usr/bin/java -6 /jdk-16/bin/java -k 100 -t 100 --likelyhood /src/autobc/Lasso-BC/likelyhood.jar --modelcounting /src/autobc/jar/modelcounting.jar --nuxmv /src/autobc/bin/nuXmv-2.0.0-Linux --output ${random_result_file}
No Bc Found. Abort
/src/autobc/one_experiment.sh: line 18: 22433 Aborted                 (core dumped) ${ref_bin} --global ${domainfile} --bcfile ${bcfile} -8 /usr/bin/java -6 /jdk-16/bin/java -k 100 -t 100 --likelyhood /src/autobc/Lasso-BC/likelyhood.jar --modelcounting /src/autobc/jar/modelcounting.jar --nuxmv /src/autobc/bin/nuXmv-2.0.0-Linux --output ${ref_result_file}
No Bc Found. Abort
/src/autobc/one_experiment.sh: line 18: 22513 Aborted                 (core dumped) ${random_bin} --global ${domainfile} --bcfile ${bcfile} -8 /usr/bin/java -6 /jdk-16/bin/java -k 100 -t 100 --likelyhood /src/autobc/Lasso-BC/likelyhood.jar --modelcounting /src/autobc/jar/modelcounting.jar --nuxmv /src/autobc/bin/nuXmv-2.0.0-Linux --output ${random_result_file}
No Bc Found. Abort
/src/autobc/one_experiment.sh: line 18: 10584 Aborted                 (core dumped) ${ref_bin} --global ${domainfile} --bcfile ${bcfile} -8 /usr/bin/java -6 /jdk-16/bin/java -k 100 -t 100 --likelyhood /src/autobc/Lasso-BC/likelyhood.jar --modelcounting /src/autobc/jar/modelcounting.jar --nuxmv /src/autobc/bin/nuXmv-2.0.0-Linux --output ${ref_result_file}
No Bc Found. Abort
/src/autobc/one_experiment.sh: line 18: 10625 Aborted                 (core dumped) ${random_bin} --global ${domainfile} --bcfile ${bcfile} -8 /usr/bin/java -6 /jdk-16/bin/java -k 100 -t 100 --likelyhood /src/autobc/Lasso-BC/likelyhood.jar --modelcounting /src/autobc/jar/modelcounting.jar --nuxmv /src/autobc/bin/nuXmv-2.0.0-Linux --output ${random_result_file}
No Bc Found. Abort
/src/autobc/one_experiment.sh: line 18: 22233 Aborted                 (core dumped) ${ref_bin} --global ${domainfile} --bcfile ${bcfile} -8 /usr/bin/java -6 /jdk-16/bin/java -k 100 -t 100 --likelyhood /src/autobc/Lasso-BC/likelyhood.jar --modelcounting /src/autobc/jar/modelcounting.jar --nuxmv /src/autobc/bin/nuXmv-2.0.0-Linux --output ${ref_result_file}
No Bc Found. Abort
/src/autobc/one_experiment.sh: line 18: 22235 Aborted                 (core dumped) ${random_bin} --global ${domainfile} --bcfile ${bcfile} -8 /usr/bin/java -6 /jdk-16/bin/java -k 100 -t 100 --likelyhood /src/autobc/Lasso-BC/likelyhood.jar --modelcounting /src/autobc/jar/modelcounting.jar --nuxmv /src/autobc/bin/nuXmv-2.0.0-Linux --output ${random_result_file}
terminate called after throwing an instance of 'autobc::output_line_too_less'
  what():  Likelyhood.jar return too less lines
/src/autobc/one_experiment.sh: line 18: 26403 Aborted                 (core dumped) ${ref_bin} --global ${domainfile} --bcfile ${bcfile} -8 /usr/bin/java -6 /jdk-16/bin/java -k 100 -t 100 --likelyhood /src/autobc/Lasso-BC/likelyhood.jar --modelcounting /src/autobc/jar/modelcounting.jar --nuxmv /src/autobc/bin/nuXmv-2.0.0-Linux --output ${ref_result_file}
